#
# There is insufficient memory for the Java Runtime Environment to continue.
# Native memory allocation (malloc) failed to allocate 1302096 bytes for Chunk::new
# Possible reasons:
#   The system is out of physical RAM or swap space
#   The process is running with CompressedOops enabled, and the Java Heap may be blocking the growth of the native heap
# Possible solutions:
#   Reduce memory load on the system
#   Increase physical memory or swap space
#   Check if swap backing store is full
#   Decrease Java heap size (-Xmx/-Xms)
#   Decrease number of Java threads
#   Decrease Java thread stack sizes (-Xss)
#   Set larger code cache with -XX:ReservedCodeCacheSize=
#   JVM is running with Unscaled Compressed Oops mode in which the Java heap is
#     placed in the first 4GB address space. The Java Heap base address is the
#     maximum limit for the native heap growth. Please use -XX:HeapBaseMinAddress
#     to set the Java Heap base and to place the Java Heap above 4GB virtual address.
# This output file may be truncated or incomplete.
#
#  Out of Memory Error (allocation.cpp:389), pid=14252, tid=0x0000000000001920
#
# JRE version: OpenJDK Runtime Environment (8.0_212-b04) (build 1.8.0_212-release-1586-b04)
# Java VM: OpenJDK 64-Bit Server VM (25.212-b04 mixed mode windows-amd64 compressed oops)
# Failed to write core dump. Minidumps are not enabled by default on client versions of Windows
#

---------------  T H R E A D  ---------------

Current thread (0x0000000018ad1800):  JavaThread "C2 CompilerThread0" daemon [_thread_in_native, id=6432, stack(0x00000000193a0000,0x00000000194a0000)]

Stack: [0x00000000193a0000,0x00000000194a0000]
[error occurred during error reporting (printing stack bounds), id 0xc0000005]

Native frames: (J=compiled Java code, j=interpreted, Vv=VM code, C=native code)


Current CompileTask:
C2:   9386 3698   !   4       java.util.jar.Attributes::read (380 bytes)


---------------  P R O C E S S  ---------------

Java Threads: ( => current thread )
  0x000000001bb01800 JavaThread "Cache worker for Build Output Cleanup Cache (C:\Users\osman\AndroidStudioProjects\Phoneroll3\.gradle\buildOutputCleanup)" [_thread_blocked, id=992, stack(0x0000000023c10000,0x0000000023d10000)]
  0x000000001bb00800 JavaThread "Build operations Thread 8" [_thread_blocked, id=1352, stack(0x0000000023270000,0x0000000023370000)]
  0x000000001bb00000 JavaThread "Build operations Thread 7" [_thread_blocked, id=6272, stack(0x0000000023170000,0x0000000023270000)]
  0x000000001baf8800 JavaThread "Build operations Thread 6" [_thread_blocked, id=7712, stack(0x0000000023070000,0x0000000023170000)]
  0x000000001baff000 JavaThread "Build operations Thread 5" [_thread_blocked, id=12272, stack(0x0000000022f70000,0x0000000023070000)]
  0x000000001baf9000 JavaThread "Build operations Thread 4" [_thread_blocked, id=8176, stack(0x0000000022e70000,0x0000000022f70000)]
  0x000000001bafa000 JavaThread "Build operations Thread 3" [_thread_blocked, id=2056, stack(0x0000000022d70000,0x0000000022e70000)]
  0x000000001bafe800 JavaThread "Build operations Thread 2" [_thread_blocked, id=13228, stack(0x0000000022c70000,0x0000000022d70000)]
  0x000000001bafd800 JavaThread "Build operations" [_thread_blocked, id=4604, stack(0x0000000022b70000,0x0000000022c70000)]
  0x000000001bafd000 JavaThread "Cache worker for execution history cache (C:\Users\osman\.gradle\caches\5.6.4\executionHistory)" [_thread_blocked, id=15248, stack(0x0000000022a70000,0x0000000022b70000)]
  0x000000001b616000 JavaThread "Cache worker for cache directory md-rule (C:\Users\osman\.gradle\caches\5.6.4\md-rule)" [_thread_blocked, id=1652, stack(0x0000000022970000,0x0000000022a70000)]
  0x000000001b613800 JavaThread "Cache worker for cache directory md-supplier (C:\Users\osman\.gradle\caches\5.6.4\md-supplier)" [_thread_blocked, id=11432, stack(0x0000000022870000,0x0000000022970000)]
  0x000000001b60f800 JavaThread "Cache worker for file hash cache (C:\Users\osman\AndroidStudioProjects\Phoneroll3\.gradle\5.6.4\fileHashes)" [_thread_blocked, id=3064, stack(0x00000000215a0000,0x00000000216a0000)]
  0x000000001b610800 JavaThread "Cache worker for journal cache (C:\Users\osman\.gradle\caches\journal-1)" [_thread_blocked, id=3764, stack(0x000000001d6c0000,0x000000001d7c0000)]
  0x000000001b60f000 JavaThread "File lock request listener" [_thread_in_native, id=2800, stack(0x000000001d5c0000,0x000000001d6c0000)]
  0x000000001b614800 JavaThread "Cache worker for file hash cache (C:\Users\osman\.gradle\caches\5.6.4\fileHashes)" [_thread_blocked, id=7328, stack(0x000000001d4c0000,0x000000001d5c0000)]
  0x000000001b4fa000 JavaThread "Thread-9" [_thread_blocked, id=7636, stack(0x000000001d3c0000,0x000000001d4c0000)]
  0x000000001b4f9800 JavaThread "Stdin handler" [_thread_blocked, id=2516, stack(0x000000001d2c0000,0x000000001d3c0000)]
  0x000000001b4f8800 JavaThread "Asynchronous log dispatcher for DefaultDaemonConnection: socket connection from /127.0.0.1:55531 to /127.0.0.1:55532" [_thread_blocked, id=32, stack(0x000000001d0c0000,0x000000001d1c0000)]
  0x000000001b4f6800 JavaThread "Daemon worker" [_thread_in_native, id=9980, stack(0x000000001cfc0000,0x000000001d0c0000)]
  0x000000001b69f000 JavaThread "Cancel handler" [_thread_blocked, id=7996, stack(0x000000001cec0000,0x000000001cfc0000)]
  0x000000001b531000 JavaThread "Handler for socket connection from /127.0.0.1:55531 to /127.0.0.1:55532" [_thread_in_native, id=11824, stack(0x000000001cbc0000,0x000000001ccc0000)]
  0x000000001b52d000 JavaThread "Daemon" [_thread_blocked, id=2356, stack(0x000000001cac0000,0x000000001cbc0000)]
  0x000000001b584800 JavaThread "Daemon periodic checks" [_thread_blocked, id=7980, stack(0x000000001c9c0000,0x000000001cac0000)]
  0x000000001b541800 JavaThread "Incoming local TCP Connector on port 55531" [_thread_in_native, id=1592, stack(0x000000001c780000,0x000000001c880000)]
  0x000000001b44b000 JavaThread "Daemon health stats" [_thread_blocked, id=15048, stack(0x000000001c140000,0x000000001c240000)]
  0x0000000018b62000 JavaThread "Service Thread" daemon [_thread_blocked, id=8080, stack(0x00000000197a0000,0x00000000198a0000)]
  0x0000000018ae9000 JavaThread "C1 CompilerThread3" daemon [_thread_blocked, id=5192, stack(0x00000000196a0000,0x00000000197a0000)]
  0x0000000018add000 JavaThread "C2 CompilerThread2" daemon [_thread_blocked, id=10484, stack(0x00000000195a0000,0x00000000196a0000)]
  0x0000000018ad6000 JavaThread "C2 CompilerThread1" daemon [_thread_blocked, id=13104, stack(0x00000000194a0000,0x00000000195a0000)]
=>0x0000000018ad1800 JavaThread "C2 CompilerThread0" daemon [_thread_in_native, id=6432, stack(0x00000000193a0000,0x00000000194a0000)]
  0x0000000018ad0000 JavaThread "Attach Listener" daemon [_thread_blocked, id=10812, stack(0x00000000192a0000,0x00000000193a0000)]
  0x0000000018acf000 JavaThread "Signal Dispatcher" daemon [_thread_blocked, id=14636, stack(0x00000000191a0000,0x00000000192a0000)]
  0x0000000016cc2000 JavaThread "Finalizer" daemon [_thread_blocked, id=14004, stack(0x0000000018fa0000,0x00000000190a0000)]
  0x0000000002ef7800 JavaThread "Reference Handler" daemon [_thread_blocked, id=15088, stack(0x0000000018ea0000,0x0000000018fa0000)]
  0x0000000002c8e000 JavaThread "main" [_thread_blocked, id=2540, stack(0x0000000002d00000,0x0000000002e00000)]

Other Threads:
  0x0000000016cb8000 VMThread [stack: 0x00000000189a0000,0x0000000018aa0000] [id=1288]
  0x0000000018b63800 WatcherThread [stack: 0x00000000198a0000,0x00000000199a0000] [id=14120]

VM state:not at safepoint (normal execution)

VM Mutex/Monitor currently owned by a thread: None

heap address: 0x00000000a0000000, size: 1536 MB, Compressed Oops mode: 32-bit
Narrow klass base: 0x0000000000000000, Narrow klass shift: 3
Compressed class space size: 1073741824 Address: 0x0000000100000000

Heap:
 PSYoungGen      total 124416K, used 64597K [0x00000000e0000000, 0x00000000ed380000, 0x0000000100000000)
  eden space 112640K, 57% used [0x00000000e0000000,0x00000000e3f156d8,0x00000000e6e00000)
  from space 11776K, 0% used [0x00000000e6e00000,0x00000000e6e00000,0x00000000e7980000)
  to   space 12288K, 0% used [0x00000000ec780000,0x00000000ec780000,0x00000000ed380000)
 ParOldGen       total 131584K, used 16863K [0x00000000a0000000, 0x00000000a8080000, 0x00000000e0000000)
  object space 131584K, 12% used [0x00000000a0000000,0x00000000a1077c48,0x00000000a8080000)
 Metaspace       used 42666K, capacity 43746K, committed 43944K, reserved 1087488K
  class space    used 5755K, capacity 6049K, committed 6056K, reserved 1048576K

Card table byte_map: [0x00000000122c0000,0x00000000125d0000] byte_map_base: 0x0000000011dc0000

Marking Bits: (ParMarkBitMap*) 0x000000006ce09f30
 Begin Bits: [0x0000000012fd0000, 0x00000000147d0000)
 End Bits:   [0x00000000147d0000, 0x0000000015fd0000)

Polling page: 0x0000000002bc0000

CodeCache: size=245760Kb used=11919Kb max_used=12706Kb free=233840Kb
 bounds [0x0000000002f00000, 0x0000000003b70000, 0x0000000011f00000]
 total_blobs=4262 nmethods=3516 adapters=658
 compilation: enabled

Compilation events (10 events):
Event: 9.318 Thread 0x0000000018ad6000 3751       4       sun.security.provider.SHA2::lf_sigma0 (20 bytes)
Event: 9.318 Thread 0x0000000018add000 nmethod 3749 0x000000000302add0 code [0x000000000302af00, 0x000000000302af58]
Event: 9.318 Thread 0x0000000018ad6000 nmethod 3751 0x000000000307a6d0 code [0x000000000307a800, 0x000000000307a858]
Event: 9.318 Thread 0x0000000018add000 3753       4       sun.security.provider.SHA2::lf_delta0 (20 bytes)
Event: 9.318 Thread 0x0000000018ad6000 3752       4       sun.security.provider.SHA2::lf_delta1 (21 bytes)
Event: 9.318 Thread 0x0000000018ad6000 nmethod 3752 0x0000000003374110 code [0x0000000003374240, 0x0000000003374298]
Event: 9.318 Thread 0x0000000018add000 nmethod 3753 0x0000000003373f10 code [0x0000000003374040, 0x0000000003374098]
Event: 9.319 Thread 0x0000000018ae9000 nmethod 3750 0x000000000323d010 code [0x000000000323d260, 0x000000000323e048]
Event: 9.320 Thread 0x0000000018ad6000 3754 %     4       sun.security.provider.SHA2::implCompress @ 142 (331 bytes)
Event: 9.327 Thread 0x0000000018ad6000 nmethod 3754% 0x0000000003070a10 code [0x0000000003070b60, 0x00000000030713f8]

GC Heap History (10 events):
Event: 3.882 GC heap before
{Heap before GC invocations=5 (full 1):
 PSYoungGen      total 75776K, used 7849K [0x00000000e0000000, 0x00000000e9400000, 0x0000000100000000)
  eden space 65024K, 0% used [0x00000000e0000000,0x00000000e0000000,0x00000000e3f80000)
  from space 10752K, 73% used [0x00000000e4a00000,0x00000000e51aa5f8,0x00000000e5480000)
  to   space 10752K, 0% used [0x00000000e3f80000,0x00000000e3f80000,0x00000000e4a00000)
 ParOldGen       total 173568K, used 1137K [0x00000000a0000000, 0x00000000aa980000, 0x00000000e0000000)
  object space 173568K, 0% used [0x00000000a0000000,0x00000000a011c708,0x00000000aa980000)
 Metaspace       used 20602K, capacity 21106K, committed 21296K, reserved 1067008K
  class space    used 2973K, capacity 3129K, committed 3200K, reserved 1048576K
Event: 3.917 GC heap after
Heap after GC invocations=5 (full 1):
 PSYoungGen      total 75776K, used 0K [0x00000000e0000000, 0x00000000e9400000, 0x0000000100000000)
  eden space 65024K, 0% used [0x00000000e0000000,0x00000000e0000000,0x00000000e3f80000)
  from space 10752K, 0% used [0x00000000e4a00000,0x00000000e4a00000,0x00000000e5480000)
  to   space 10752K, 0% used [0x00000000e3f80000,0x00000000e3f80000,0x00000000e4a00000)
 ParOldGen       total 89088K, used 7696K [0x00000000a0000000, 0x00000000a5700000, 0x00000000e0000000)
  object space 89088K, 8% used [0x00000000a0000000,0x00000000a0784218,0x00000000a5700000)
 Metaspace       used 20602K, capacity 21106K, committed 21296K, reserved 1067008K
  class space    used 2973K, capacity 3129K, committed 3200K, reserved 1048576K
}
Event: 4.885 GC heap before
{Heap before GC invocations=6 (full 1):
 PSYoungGen      total 75776K, used 65024K [0x00000000e0000000, 0x00000000e9400000, 0x0000000100000000)
  eden space 65024K, 100% used [0x00000000e0000000,0x00000000e3f80000,0x00000000e3f80000)
  from space 10752K, 0% used [0x00000000e4a00000,0x00000000e4a00000,0x00000000e5480000)
  to   space 10752K, 0% used [0x00000000e3f80000,0x00000000e3f80000,0x00000000e4a00000)
 ParOldGen       total 89088K, used 7696K [0x00000000a0000000, 0x00000000a5700000, 0x00000000e0000000)
  object space 89088K, 8% used [0x00000000a0000000,0x00000000a0784218,0x00000000a5700000)
 Metaspace       used 28973K, capacity 29488K, committed 29696K, reserved 1075200K
  class space    used 3901K, capacity 4063K, committed 4096K, reserved 1048576K
Event: 4.892 GC heap after
Heap after GC invocations=6 (full 1):
 PSYoungGen      total 75776K, used 8020K [0x00000000e0000000, 0x00000000e8680000, 0x0000000100000000)
  eden space 65024K, 0% used [0x00000000e0000000,0x00000000e0000000,0x00000000e3f80000)
  from space 10752K, 74% used [0x00000000e3f80000,0x00000000e4755128,0x00000000e4a00000)
  to   space 12288K, 0% used [0x00000000e7a80000,0x00000000e7a80000,0x00000000e8680000)
 ParOldGen       total 89088K, used 7704K [0x00000000a0000000, 0x00000000a5700000, 0x00000000e0000000)
  object space 89088K, 8% used [0x00000000a0000000,0x00000000a0786218,0x00000000a5700000)
 Metaspace       used 28973K, capacity 29488K, committed 29696K, reserved 1075200K
  class space    used 3901K, capacity 4063K, committed 4096K, reserved 1048576K
}
Event: 5.474 GC heap before
{Heap before GC invocations=7 (full 1):
 PSYoungGen      total 75776K, used 73044K [0x00000000e0000000, 0x00000000e8680000, 0x0000000100000000)
  eden space 65024K, 100% used [0x00000000e0000000,0x00000000e3f80000,0x00000000e3f80000)
  from space 10752K, 74% used [0x00000000e3f80000,0x00000000e4755128,0x00000000e4a00000)
  to   space 12288K, 0% used [0x00000000e7a80000,0x00000000e7a80000,0x00000000e8680000)
 ParOldGen       total 89088K, used 7704K [0x00000000a0000000, 0x00000000a5700000, 0x00000000e0000000)
  object space 89088K, 8% used [0x00000000a0000000,0x00000000a0786218,0x00000000a5700000)
 Metaspace       used 31930K, capacity 32468K, committed 32768K, reserved 1077248K
  class space    used 4378K, capacity 4587K, committed 4608K, reserved 1048576K
Event: 5.487 GC heap after
Heap after GC invocations=7 (full 1):
 PSYoungGen      total 123392K, used 8286K [0x00000000e0000000, 0x00000000e8500000, 0x0000000100000000)
  eden space 112640K, 0% used [0x00000000e0000000,0x00000000e0000000,0x00000000e6e00000)
  from space 10752K, 77% used [0x00000000e7a80000,0x00000000e8297970,0x00000000e8500000)
  to   space 11776K, 0% used [0x00000000e6e00000,0x00000000e6e00000,0x00000000e7980000)
 ParOldGen       total 89088K, used 7712K [0x00000000a0000000, 0x00000000a5700000, 0x00000000e0000000)
  object space 89088K, 8% used [0x00000000a0000000,0x00000000a0788218,0x00000000a5700000)
 Metaspace       used 31930K, capacity 32468K, committed 32768K, reserved 1077248K
  class space    used 4378K, capacity 4587K, committed 4608K, reserved 1048576K
}
Event: 6.501 GC heap before
{Heap before GC invocations=8 (full 1):
 PSYoungGen      total 123392K, used 70957K [0x00000000e0000000, 0x00000000e8500000, 0x0000000100000000)
  eden space 112640K, 55% used [0x00000000e0000000,0x00000000e3d33be8,0x00000000e6e00000)
  from space 10752K, 77% used [0x00000000e7a80000,0x00000000e8297970,0x00000000e8500000)
  to   space 11776K, 0% used [0x00000000e6e00000,0x00000000e6e00000,0x00000000e7980000)
 ParOldGen       total 89088K, used 7712K [0x00000000a0000000, 0x00000000a5700000, 0x00000000e0000000)
  object space 89088K, 8% used [0x00000000a0000000,0x00000000a0788218,0x00000000a5700000)
 Metaspace       used 34637K, capacity 35418K, committed 35496K, reserved 1079296K
  class space    used 4760K, capacity 4994K, committed 5032K, reserved 1048576K
Event: 6.514 GC heap after
Heap after GC invocations=8 (full 1):
 PSYoungGen      total 124416K, used 10078K [0x00000000e0000000, 0x00000000ed380000, 0x0000000100000000)
  eden space 112640K, 0% used [0x00000000e0000000,0x00000000e0000000,0x00000000e6e00000)
  from space 11776K, 85% used [0x00000000e6e00000,0x00000000e77d7a00,0x00000000e7980000)
  to   space 12288K, 0% used [0x00000000ec780000,0x00000000ec780000,0x00000000ed380000)
 ParOldGen       total 89088K, used 7720K [0x00000000a0000000, 0x00000000a5700000, 0x00000000e0000000)
  object space 89088K, 8% used [0x00000000a0000000,0x00000000a078a218,0x00000000a5700000)
 Metaspace       used 34637K, capacity 35418K, committed 35496K, reserved 1079296K
  class space    used 4760K, capacity 4994K, committed 5032K, reserved 1048576K
}
Event: 6.514 GC heap before
{Heap before GC invocations=9 (full 2):
 PSYoungGen      total 124416K, used 10078K [0x00000000e0000000, 0x00000000ed380000, 0x0000000100000000)
  eden space 112640K, 0% used [0x00000000e0000000,0x00000000e0000000,0x00000000e6e00000)
  from space 11776K, 85% used [0x00000000e6e00000,0x00000000e77d7a00,0x00000000e7980000)
  to   space 12288K, 0% used [0x00000000ec780000,0x00000000ec780000,0x00000000ed380000)
 ParOldGen       total 89088K, used 7720K [0x00000000a0000000, 0x00000000a5700000, 0x00000000e0000000)
  object space 89088K, 8% used [0x00000000a0000000,0x00000000a078a218,0x00000000a5700000)
 Metaspace       used 34637K, capacity 35418K, committed 35496K, reserved 1079296K
  class space    used 4760K, capacity 4994K, committed 5032K, reserved 1048576K
Event: 6.572 GC heap after
Heap after GC invocations=9 (full 2):
 PSYoungGen      total 124416K, used 0K [0x00000000e0000000, 0x00000000ed380000, 0x0000000100000000)
  eden space 112640K, 0% used [0x00000000e0000000,0x00000000e0000000,0x00000000e6e00000)
  from space 11776K, 0% used [0x00000000e6e00000,0x00000000e6e00000,0x00000000e7980000)
  to   space 12288K, 0% used [0x00000000ec780000,0x00000000ec780000,0x00000000ed380000)
 ParOldGen       total 131584K, used 16863K [0x00000000a0000000, 0x00000000a8080000, 0x00000000e0000000)
  object space 131584K, 12% used [0x00000000a0000000,0x00000000a1077c48,0x00000000a8080000)
 Metaspace       used 34625K, capacity 35376K, committed 35496K, reserved 1079296K
  class space    used 4756K, capacity 4987K, committed 5032K, reserved 1048576K
}

Deoptimization events (10 events):
Event: 7.752 Thread 0x000000001b4f6800 Uncommon trap: reason=unstable_if action=reinterpret pc=0x000000000387710c method=java.security.CodeSource.hashCode()I @ 4
Event: 8.981 Thread 0x000000001b4f6800 Uncommon trap: reason=unstable_if action=reinterpret pc=0x00000000038932ac method=java.util.jar.JarFile.maybeInstantiateVerifier()V @ 75
Event: 8.982 Thread 0x000000001b4f6800 Uncommon trap: reason=unstable_if action=reinterpret pc=0x00000000031561b0 method=java.util.jar.Manifest$FastInputStream.readLine([BII)I @ 87
Event: 8.983 Thread 0x000000001b4f6800 Uncommon trap: reason=unstable_if action=reinterpret pc=0x000000000344514c method=java.util.jar.Attributes$Name.isDigit(C)Z @ 3
Event: 9.017 Thread 0x000000001b4f6800 Uncommon trap: reason=unstable_if action=reinterpret pc=0x0000000003a6cda4 method=java.lang.ThreadLocal.get()Ljava/lang/Object; @ 11
Event: 9.104 Thread 0x000000001b4f6800 Uncommon trap: reason=speculate_class_check action=maybe_recompile pc=0x0000000003b55bfc method=java.util.HashMap.putVal(ILjava/lang/Object;Ljava/lang/Object;ZZ)Ljava/lang/Object; @ 56
Event: 9.104 Thread 0x000000001b4f6800 Uncommon trap: reason=speculate_class_check action=maybe_recompile pc=0x0000000003b55bfc method=java.util.HashMap.putVal(ILjava/lang/Object;Ljava/lang/Object;ZZ)Ljava/lang/Object; @ 56
Event: 9.104 Thread 0x000000001b4f6800 Uncommon trap: reason=speculate_class_check action=maybe_recompile pc=0x0000000003b55bfc method=java.util.HashMap.putVal(ILjava/lang/Object;Ljava/lang/Object;ZZ)Ljava/lang/Object; @ 56
Event: 9.104 Thread 0x000000001b4f6800 Uncommon trap: reason=speculate_class_check action=maybe_recompile pc=0x0000000003b55bfc method=java.util.HashMap.putVal(ILjava/lang/Object;Ljava/lang/Object;ZZ)Ljava/lang/Object; @ 56
Event: 9.253 Thread 0x000000001b4f6800 Uncommon trap: reason=unstable_if action=reinterpret pc=0x00000000033cb03c method=java.lang.CharacterDataLatin1.isWhitespace(I)Z @ 14

Classes redefined (0 events):
No events

Internal exceptions (10 events):
Event: 6.638 Thread 0x000000001b4f6800 Exception <a 'java/lang/ClassNotFoundException': org/gradle/api/internal/ConventionTaskCustomizer> (0x00000000e03e04f8) thrown at [D:\src\AOSP-openjdk-cygwin\jdk8u\hotspot\src\share\vm\classfile\systemDictionary.cpp, line 210]
Event: 6.639 Thread 0x000000001b4f6800 Exception <a 'java/lang/ClassNotFoundException': org/gradle/api/tasks/DeleteCustomizer> (0x00000000e041f540) thrown at [D:\src\AOSP-openjdk-cygwin\jdk8u\hotspot\src\share\vm\classfile\systemDictionary.cpp, line 210]
Event: 6.641 Thread 0x000000001b4f6800 Exception <a 'java/lang/ClassNotFoundException': org/gradle/api/tasks/Delete_DecoratedCustomizer> (0x00000000e046c0b8) thrown at [D:\src\AOSP-openjdk-cygwin\jdk8u\hotspot\src\share\vm\classfile\systemDictionary.cpp, line 210]
Event: 6.678 Thread 0x000000001b4f6800 Exception <a 'java/lang/ClassNotFoundException': build_ev7a3195vitkd0dhj9mz9ep3fBeanInfo> (0x00000000e058b740) thrown at [D:\src\AOSP-openjdk-cygwin\jdk8u\hotspot\src\share\vm\classfile\systemDictionary.cpp, line 210]
Event: 6.679 Thread 0x000000001b4f6800 Exception <a 'java/lang/ClassNotFoundException': build_ev7a3195vitkd0dhj9mz9ep3fCustomizer> (0x00000000e0598150) thrown at [D:\src\AOSP-openjdk-cygwin\jdk8u\hotspot\src\share\vm\classfile\systemDictionary.cpp, line 210]
Event: 6.686 Thread 0x000000001b4f6800 Exception <a 'java/lang/ClassNotFoundException': org/gradle/api/internal/plugins/DefaultObjectConfigurationActionBeanInfo> (0x00000000e060e788) thrown at [D:\src\AOSP-openjdk-cygwin\jdk8u\hotspot\src\share\vm\classfile\systemDictionary.cpp, line 210]
Event: 6.687 Thread 0x000000001b4f6800 Exception <a 'java/lang/ClassNotFoundException': org/gradle/api/internal/plugins/DefaultObjectConfigurationActionCustomizer> (0x00000000e06515e8) thrown at [D:\src\AOSP-openjdk-cygwin\jdk8u\hotspot\src\share\vm\classfile\systemDictionary.cpp, line 210]
Event: 7.752 Thread 0x000000001b4f6800 Implicit null exception at 0x0000000003a3d19a to 0x0000000003a465f1
Event: 7.752 Thread 0x000000001b4f6800 Implicit null exception at 0x0000000003876e15 to 0x00000000038770fd
Event: 9.017 Thread 0x000000001b4f6800 Implicit null exception at 0x0000000003a6c868 to 0x0000000003a6cd8d

Events (10 events):
Event: 9.307 loading class java/security/interfaces/DSAPrivateKey done
Event: 9.307 loading class sun/security/provider/DSA$SHA1withDSA
Event: 9.307 loading class sun/security/provider/DSA
Event: 9.308 loading class sun/security/provider/DSA done
Event: 9.308 loading class sun/security/provider/DSA$SHA1withDSA done
Event: 9.309 loading class java/math/SignedMutableBigInteger
Event: 9.309 loading class java/math/SignedMutableBigInteger done
Event: 9.322 loading class java/util/Base64
Event: 9.345 loading class java/util/Base64 done
Event: 9.345 loading class java/util/Base64$Decoder


Dynamic libraries:
0x00007ff79a090000 - 0x00007ff79a0c1000 	E:\Android Studio\jre\bin\java.exe
0x00007ffea3000000 - 0x00007ffea31f0000 	C:\Windows\SYSTEM32\ntdll.dll
0x00007ffea15a0000 - 0x00007ffea1652000 	C:\Windows\System32\KERNEL32.DLL
0x00007ffea02f0000 - 0x00007ffea0594000 	C:\Windows\System32\KERNELBASE.dll
0x00007ffea1810000 - 0x00007ffea18b3000 	C:\Windows\System32\ADVAPI32.dll
0x00007ffea2880000 - 0x00007ffea291e000 	C:\Windows\System32\msvcrt.dll
0x00007ffea2a20000 - 0x00007ffea2ab7000 	C:\Windows\System32\sechost.dll
0x00007ffea1930000 - 0x00007ffea1a50000 	C:\Windows\System32\RPCRT4.dll
0x00007ffea1400000 - 0x00007ffea1594000 	C:\Windows\System32\USER32.dll
0x00007ffea00c0000 - 0x00007ffea00e1000 	C:\Windows\System32\win32u.dll
0x00007ffea2830000 - 0x00007ffea2856000 	C:\Windows\System32\GDI32.dll
0x00007ffea0150000 - 0x00007ffea02e4000 	C:\Windows\System32\gdi32full.dll
0x00007ffea0ff0000 - 0x00007ffea108e000 	C:\Windows\System32\msvcp_win.dll
0x00007ffea0d50000 - 0x00007ffea0e4a000 	C:\Windows\System32\ucrtbase.dll
0x00007ffe929f0000 - 0x00007ffe92c74000 	C:\Windows\WinSxS\amd64_microsoft.windows.common-controls_6595b64144ccf1df_6.0.18362.836_none_e6c4b943130f18ed\COMCTL32.dll
0x00007ffea2c80000 - 0x00007ffea2fb6000 	C:\Windows\System32\combase.dll
0x00007ffe9ff90000 - 0x00007ffea0010000 	C:\Windows\System32\bcryptPrimitives.dll
0x00007ffea2920000 - 0x00007ffea294e000 	C:\Windows\System32\IMM32.DLL
0x000000006c480000 - 0x000000006c552000 	E:\Android Studio\jre\jre\bin\msvcr100.dll
0x000000006c640000 - 0x000000006ce86000 	E:\Android Studio\jre\jre\bin\server\jvm.dll
0x00007ffea1660000 - 0x00007ffea1668000 	C:\Windows\System32\PSAPI.DLL
0x00007ffe9e9d0000 - 0x00007ffe9e9d9000 	C:\Windows\SYSTEM32\WSOCK32.dll
0x00007ffe9be60000 - 0x00007ffe9be84000 	C:\Windows\SYSTEM32\WINMM.dll
0x00007ffe999b0000 - 0x00007ffe999ba000 	C:\Windows\SYSTEM32\VERSION.dll
0x00007ffea18c0000 - 0x00007ffea192f000 	C:\Windows\System32\WS2_32.dll
0x00007ffe9be30000 - 0x00007ffe9be5d000 	C:\Windows\SYSTEM32\WINMMBASE.dll
0x00007ffea0fa0000 - 0x00007ffea0fea000 	C:\Windows\System32\cfgmgr32.dll
0x00007ffe9b580000 - 0x00007ffe9b58f000 	E:\Android Studio\jre\jre\bin\verify.dll
0x00007ffe9b550000 - 0x00007ffe9b579000 	E:\Android Studio\jre\jre\bin\java.dll
0x00007ffe99c50000 - 0x00007ffe99c66000 	E:\Android Studio\jre\jre\bin\zip.dll
0x00007ffea1a50000 - 0x00007ffea2134000 	C:\Windows\System32\SHELL32.dll
0x00007ffea1350000 - 0x00007ffea13f9000 	C:\Windows\System32\shcore.dll
0x00007ffea05d0000 - 0x00007ffea0d4e000 	C:\Windows\System32\windows.storage.dll
0x00007ffe9fef0000 - 0x00007ffe9ff13000 	C:\Windows\System32\profapi.dll
0x00007ffe9ff20000 - 0x00007ffe9ff6a000 	C:\Windows\System32\powrprof.dll
0x00007ffe9fec0000 - 0x00007ffe9fed0000 	C:\Windows\System32\UMPDC.dll
0x00007ffea2140000 - 0x00007ffea2192000 	C:\Windows\System32\shlwapi.dll
0x00007ffe9ff70000 - 0x00007ffe9ff81000 	C:\Windows\System32\kernel.appcore.dll
0x00007ffea1090000 - 0x00007ffea10a7000 	C:\Windows\System32\cryptsp.dll
0x00007ffe99c30000 - 0x00007ffe99c4a000 	E:\Android Studio\jre\jre\bin\net.dll
0x00007ffe8b3f0000 - 0x00007ffe8b5c6000 	C:\Windows\SYSTEM32\urlmon.dll
0x00007ffe8b0c0000 - 0x00007ffe8b366000 	C:\Windows\SYSTEM32\iertutil.dll
0x00007ffe9f900000 - 0x00007ffe9f90c000 	C:\Windows\SYSTEM32\CRYPTBASE.DLL
0x00007ffe9f730000 - 0x00007ffe9f797000 	C:\Windows\system32\mswsock.dll
0x00007ffe91fd0000 - 0x00007ffe91fe3000 	E:\Android Studio\jre\jre\bin\nio.dll
0x00007ffe76410000 - 0x00007ffe76436000 	C:\Users\osman\.gradle\native\30\windows-amd64\native-platform.dll
0x00007ffe99b50000 - 0x00007ffe99b5d000 	E:\Android Studio\jre\jre\bin\management.dll
0x00007ffe9f2a0000 - 0x00007ffe9f2d3000 	C:\Windows\system32\rsaenh.dll
0x00007ffea05a0000 - 0x00007ffea05c6000 	C:\Windows\System32\bcrypt.dll
0x00007ffe9fde0000 - 0x00007ffe9fe05000 	C:\Windows\SYSTEM32\USERENV.dll
0x00007ffe9f440000 - 0x00007ffe9f47a000 	C:\Windows\SYSTEM32\IPHLPAPI.DLL
0x00007ffea23b0000 - 0x00007ffea23b8000 	C:\Windows\System32\NSI.dll
0x00007ffe984a0000 - 0x00007ffe984b6000 	C:\Windows\SYSTEM32\dhcpcsvc6.DLL
0x00007ffe981f0000 - 0x00007ffe9820c000 	C:\Windows\SYSTEM32\dhcpcsvc.DLL
0x00007ffe9f480000 - 0x00007ffe9f54b000 	C:\Windows\SYSTEM32\DNSAPI.dll

VM Arguments:
jvm_args: -Xmx1536m -Dfile.encoding=windows-1252 -Duser.country=US -Duser.language=en -Duser.variant 
java_command: org.gradle.launcher.daemon.bootstrap.GradleDaemon 5.6.4
java_class_path (initial): C:\Users\osman\.gradle\wrapper\dists\gradle-5.6.4-all\ankdp27end7byghfw1q2sw75f\gradle-5.6.4\lib\gradle-launcher-5.6.4.jar
Launcher Type: SUN_STANDARD

Environment Variables:
PATH=C:\Program Files (x86)\Microsoft SDKs\Azure\CLI2\wbin;C:\Program Files (x86)\Python38-32\Scripts\;C:\Program Files (x86)\Python38-32\;C:\Program Files (x86)\Common Files\Oracle\Java\javapath;C:\Windows\system32;C:\Windows;C:\Windows\System32\Wbem;C:\Windows\System32\WindowsPowerShell\v1.0\;C:\Windows\System32\OpenSSH\;C:\Program Files\Microsoft VS Code\bin;C:\Program Files (x86)\NVIDIA Corporation\PhysX\Common;D:\Gimbal\Raspberry\PuTTY\;C:\Program Files\Docker\Docker\resources\bin;C:\ProgramData\DockerDesktop\version-bin;C:\Program Files\dotnet\;C:\Program Files (x86)\dotnet\;C:\Program Files\Git\cmd;D:\Golang\Installation\bin;C:\Users\osman\AppData\Local\Microsoft\WindowsApps;C:\MinGW\bin;D:\Image Processing\latex\texlive\2019\bin\win32;C:\Program Files\JetBrains\IntelliJ IDEA 2019.2.4\bin;C:\Users\osman\AppData\Local\Programs\Python\Python36-32;D:\Gimbal\VLC\Installation;C:\Users\osman\.dotnet\tools;E:\Flutter\flutter_windows_v1.12.13+hotfix.8-stable\flutter\bin;D:\quartus\Kurulum\modelsim_ase\win32aloem;D:\YGO;C:\Users\osman\go\bin;D:\Se2\geckodriver-v0.26.0-win64;
USERNAME=osman
OS=Windows_NT
PROCESSOR_IDENTIFIER=Intel64 Family 6 Model 94 Stepping 3, GenuineIntel



---------------  S Y S T E M  ---------------

OS: Windows 10.0 , 64 bit Build 18362 (10.0.18362.778)

CPU:total 8 (initial active 8) (4 cores per cpu, 2 threads per core) family 6 model 94 stepping 3, cmov, cx8, fxsr, mmx, sse, sse2, sse3, ssse3, sse4.1, sse4.2, popcnt, avx, avx2, aes, clmul, erms, rtm, 3dnowpref, lzcnt, ht, tsc, tscinvbit, bmi1, bmi2, adx

Memory: 4k page, physical 16636184k(2356368k free), swap 16636184k(5068k free)

vm_info: OpenJDK 64-Bit Server VM (25.212-b04) for windows-amd64 JRE (1.8.0_212-release-1586-b04), built by "builder" with MS VC++ 10.0 (VS2010)

time: Sun May 31 00:38:20 2020
timezone: Turkey Standard Time
elapsed time: 9 seconds (0d 0h 0m 9s)

