#
# There is insufficient memory for the Java Runtime Environment to continue.
# Native memory allocation (malloc) failed to allocate 1138736 bytes for Chunk::new
# Possible reasons:
#   The system is out of physical RAM or swap space
#   The process is running with CompressedOops enabled, and the Java Heap may be blocking the growth of the native heap
# Possible solutions:
#   Reduce memory load on the system
#   Increase physical memory or swap space
#   Check if swap backing store is full
#   Decrease Java heap size (-Xmx/-Xms)
#   Decrease number of Java threads
#   Decrease Java thread stack sizes (-Xss)
#   Set larger code cache with -XX:ReservedCodeCacheSize=
#   JVM is running with Unscaled Compressed Oops mode in which the Java heap is
#     placed in the first 4GB address space. The Java Heap base address is the
#     maximum limit for the native heap growth. Please use -XX:HeapBaseMinAddress
#     to set the Java Heap base and to place the Java Heap above 4GB virtual address.
# This output file may be truncated or incomplete.
#
#  Out of Memory Error (allocation.cpp:389), pid=2488, tid=0x0000000000003860
#
# JRE version: OpenJDK Runtime Environment (8.0_212-b04) (build 1.8.0_212-release-1586-b04)
# Java VM: OpenJDK 64-Bit Server VM (25.212-b04 mixed mode windows-amd64 compressed oops)
# Failed to write core dump. Minidumps are not enabled by default on client versions of Windows
#

---------------  T H R E A D  ---------------

Current thread (0x0000000018a11800):  JavaThread "C2 CompilerThread0" daemon [_thread_in_native, id=14432, stack(0x00000000192e0000,0x00000000193e0000)]

Stack: [0x00000000192e0000,0x00000000193e0000]
[error occurred during error reporting (printing stack bounds), id 0xc0000005]

Native frames: (J=compiled Java code, j=interpreted, Vv=VM code, C=native code)


Current CompileTask:
C2: 175738 20241       4       com.android.tools.r8.ir.regalloc.LinearScanRegisterAllocator::a (270 bytes)


---------------  P R O C E S S  ---------------

Java Threads: ( => current thread )
  0x0000000027812000 JavaThread "WorkerExecutor Queue Thread 9" [_thread_blocked, id=7544, stack(0x0000000027010000,0x0000000027110000)]
  0x0000000027810800 JavaThread "stdout" [_thread_in_native, id=9344, stack(0x000000002d4f0000,0x000000002d5f0000)]
  0x000000002780f000 JavaThread "stderr" [_thread_in_native, id=10052, stack(0x000000002d3f0000,0x000000002d4f0000)]
  0x000000002780f800 JavaThread "stdout" [_thread_in_native, id=3984, stack(0x000000002d2f0000,0x000000002d3f0000)]
  0x000000002780e000 JavaThread "stderr" [_thread_in_native, id=14732, stack(0x000000002d1f0000,0x000000002d2f0000)]
  0x000000002780d000 JavaThread "stdout" [_thread_in_native, id=13852, stack(0x000000002bfb0000,0x000000002c0b0000)]
  0x0000000021bae000 JavaThread "stderr" [_thread_in_native, id=3676, stack(0x000000002beb0000,0x000000002bfb0000)]
  0x0000000021bad800 JavaThread "stdout" [_thread_in_native, id=11224, stack(0x000000002bdb0000,0x000000002beb0000)]
  0x0000000021bac000 JavaThread "stderr" [_thread_in_native, id=14740, stack(0x000000002bcb0000,0x000000002bdb0000)]
  0x0000000021ba9800 JavaThread "stdout" [_thread_in_native, id=13848, stack(0x000000002bbb0000,0x000000002bcb0000)]
  0x0000000021baf000 JavaThread "stderr" [_thread_in_native, id=4736, stack(0x000000002bab0000,0x000000002bbb0000)]
  0x0000000021ba5000 JavaThread "WorkerExecutor Queue Thread 8" [_thread_blocked, id=11680, stack(0x000000002b9b0000,0x000000002bab0000)]
  0x0000000021ba4800 JavaThread "WorkerExecutor Queue Thread 7" [_thread_blocked, id=1404, stack(0x000000002b640000,0x000000002b740000)]
  0x0000000021ba9000 JavaThread "stdout" [_thread_in_native, id=4468, stack(0x000000002a490000,0x000000002a590000)]
  0x0000000021ba1800 JavaThread "stderr" [_thread_in_native, id=7296, stack(0x000000002a390000,0x000000002a490000)]
  0x0000000021ba6800 JavaThread "stdout" [_thread_in_native, id=3624, stack(0x0000000029df0000,0x0000000029ef0000)]
  0x0000000021ba6000 JavaThread "stderr" [_thread_in_native, id=9412, stack(0x0000000029cf0000,0x0000000029df0000)]
  0x0000000021ba7800 JavaThread "pool-9-thread-1" [_thread_blocked, id=8696, stack(0x00000000295f0000,0x00000000296f0000)]
  0x0000000021ba3800 JavaThread "WorkerExecutor Queue Thread 6" [_thread_blocked, id=2416, stack(0x00000000294f0000,0x00000000295f0000)]
  0x000000001b96f000 JavaThread "WorkerExecutor Queue Thread 5" [_thread_blocked, id=11920, stack(0x00000000293f0000,0x00000000294f0000)]
  0x000000001b96e800 JavaThread "WorkerExecutor Queue Thread 4" [_thread_blocked, id=7608, stack(0x00000000292f0000,0x00000000293f0000)]
  0x000000001b96d800 JavaThread "WorkerExecutor Queue Thread 3" [_thread_blocked, id=8128, stack(0x0000000028df0000,0x0000000028ef0000)]
  0x000000001b96c000 JavaThread "WorkerExecutor Queue Thread 2" [_thread_blocked, id=9236, stack(0x0000000028480000,0x0000000028580000)]
  0x000000001b963000 JavaThread "WorkerExecutor Queue" [_thread_blocked, id=13436, stack(0x00000000273b0000,0x00000000274b0000)]
  0x000000001b962800 JavaThread "Cache worker for execution history cache (C:\Users\osman\AndroidStudioProjects\Phoneroll3\.gradle\5.6.4\executionHistory)" [_thread_blocked, id=2784, stack(0x0000000026d10000,0x0000000026e10000)]
  0x000000001b961800 JavaThread "Execution worker for ':' Thread 7" [_thread_blocked, id=10528, stack(0x0000000026b10000,0x0000000026c10000)]
  0x000000001b968800 JavaThread "Execution worker for ':' Thread 6" [_thread_blocked, id=9732, stack(0x0000000025510000,0x0000000025610000)]
  0x000000001b961000 JavaThread "Execution worker for ':' Thread 5" [_thread_blocked, id=10744, stack(0x0000000025410000,0x0000000025510000)]
  0x000000001b967800 JavaThread "Execution worker for ':' Thread 4" [_thread_blocked, id=9980, stack(0x0000000025310000,0x0000000025410000)]
  0x000000001b960000 JavaThread "Execution worker for ':' Thread 3" [_thread_blocked, id=10380, stack(0x0000000025210000,0x0000000025310000)]
  0x000000001b967000 JavaThread "Execution worker for ':' Thread 2" [_thread_blocked, id=148, stack(0x0000000025110000,0x0000000025210000)]
  0x000000001b966000 JavaThread "Execution worker for ':'" [_thread_blocked, id=1476, stack(0x0000000024a10000,0x0000000024b10000)]
  0x0000000022494800 JavaThread "Cache worker for file content cache (C:\Users\osman\AndroidStudioProjects\Phoneroll3\.gradle\5.6.4\fileContent)" [_thread_blocked, id=13648, stack(0x00000000238a0000,0x00000000239a0000)]
  0x0000000022493800 JavaThread "Cache worker for Build Output Cleanup Cache (C:\Users\osman\AndroidStudioProjects\Phoneroll3\.gradle\buildOutputCleanup)" [_thread_blocked, id=1352, stack(0x00000000235a0000,0x00000000236a0000)]
  0x0000000022492000 JavaThread "Build operations Thread 8" [_thread_blocked, id=10544, stack(0x00000000234a0000,0x00000000235a0000)]
  0x0000000022490800 JavaThread "Build operations Thread 7" [_thread_blocked, id=6272, stack(0x00000000233a0000,0x00000000234a0000)]
  0x0000000022491800 JavaThread "Build operations Thread 6" [_thread_blocked, id=7712, stack(0x00000000232a0000,0x00000000233a0000)]
  0x0000000022490000 JavaThread "Build operations Thread 5" [_thread_blocked, id=5936, stack(0x0000000022f00000,0x0000000023000000)]
  0x0000000022493000 JavaThread "Build operations Thread 4" [_thread_blocked, id=992, stack(0x0000000022950000,0x0000000022a50000)]
  0x000000002248e800 JavaThread "Build operations Thread 3" [_thread_blocked, id=8176, stack(0x00000000211e0000,0x00000000212e0000)]
  0x000000002248f000 JavaThread "Build operations Thread 2" [_thread_blocked, id=12272, stack(0x00000000210e0000,0x00000000211e0000)]
  0x0000000022495000 JavaThread "Build operations" [_thread_blocked, id=11432, stack(0x000000001faa0000,0x000000001fba0000)]
  0x0000000022487000 JavaThread "Cache worker for cache directory md-rule (C:\Users\osman\.gradle\caches\5.6.4\md-rule)" [_thread_blocked, id=14252, stack(0x000000001d300000,0x000000001d400000)]
  0x0000000022488800 JavaThread "Cache worker for cache directory md-supplier (C:\Users\osman\.gradle\caches\5.6.4\md-supplier)" [_thread_blocked, id=7788, stack(0x000000001d200000,0x000000001d300000)]
  0x000000002248d800 JavaThread "Cache worker for file hash cache (C:\Users\osman\AndroidStudioProjects\Phoneroll3\.gradle\5.6.4\fileHashes)" [_thread_blocked, id=3764, stack(0x000000001d000000,0x000000001d100000)]
  0x0000000022487800 JavaThread "Thread-138" [_thread_blocked, id=3064, stack(0x000000001cf00000,0x000000001d000000)]
  0x000000002248b800 JavaThread "Stdin handler" [_thread_blocked, id=15276, stack(0x000000001ce00000,0x000000001cf00000)]
  0x0000000022486000 JavaThread "Asynchronous log dispatcher for DefaultDaemonConnection: socket connection from /127.0.0.1:55548 to /127.0.0.1:55668" [_thread_blocked, id=15332, stack(0x000000001cb00000,0x000000001cc00000)]
  0x000000002248a800 JavaThread "Cancel handler" [_thread_blocked, id=14036, stack(0x0000000001240000,0x0000000001340000)]
  0x000000002248a000 JavaThread "Handler for socket connection from /127.0.0.1:55548 to /127.0.0.1:55668" [_thread_in_native, id=5380, stack(0x0000000001140000,0x0000000001240000)]
  0x0000000021baa800 JavaThread "Daemon worker Thread 2" [_thread_blocked, id=11788, stack(0x000000001ca00000,0x000000001cb00000)]
  0x0000000021ba8000 JavaThread "Daemon Thread 2" [_thread_blocked, id=6448, stack(0x0000000001040000,0x0000000001140000)]
  0x000000001b964800 JavaThread "Cache worker for Java compile cache (C:\Users\osman\.gradle\caches\5.6.4\javaCompile)" [_thread_blocked, id=9292, stack(0x0000000026c10000,0x0000000026d10000)]
  0x0000000021baf800 JavaThread "Cache worker for file content cache (C:\Users\osman\.gradle\caches\5.6.4\fileContent)" [_thread_blocked, id=5092, stack(0x0000000024910000,0x0000000024a10000)]
  0x0000000021bab000 JavaThread "Memory manager" [_thread_blocked, id=11148, stack(0x0000000023df0000,0x0000000023ef0000)]
  0x0000000021ba0800 JavaThread "Cache worker for execution history cache (C:\Users\osman\.gradle\caches\5.6.4\executionHistory)" [_thread_blocked, id=14160, stack(0x0000000020fe0000,0x00000000210e0000)]
  0x000000001b17d000 JavaThread "Cache worker for journal cache (C:\Users\osman\.gradle\caches\journal-1)" [_thread_blocked, id=5184, stack(0x000000001d800000,0x000000001d900000)]
  0x000000001b17b800 JavaThread "File lock request listener" [_thread_in_native, id=2668, stack(0x000000001d700000,0x000000001d800000)]
  0x000000001b17e800 JavaThread "Cache worker for file hash cache (C:\Users\osman\.gradle\caches\5.6.4\fileHashes)" [_thread_blocked, id=15148, stack(0x000000001d400000,0x000000001d500000)]
  0x000000001b259800 JavaThread "Daemon periodic checks" [_thread_blocked, id=10116, stack(0x000000001c900000,0x000000001ca00000)]
  0x000000001b275800 JavaThread "Incoming local TCP Connector on port 55548" [_thread_in_native, id=11236, stack(0x000000001c6c0000,0x000000001c7c0000)]
  0x000000001b134800 JavaThread "Daemon health stats" [_thread_blocked, id=14784, stack(0x000000001c080000,0x000000001c180000)]
  0x0000000018aa6000 JavaThread "Service Thread" daemon [_thread_blocked, id=13656, stack(0x00000000196e0000,0x00000000197e0000)]
  0x0000000018a25000 JavaThread "C1 CompilerThread3" daemon [_thread_blocked, id=14700, stack(0x00000000195e0000,0x00000000196e0000)]
  0x0000000018a1f000 JavaThread "C2 CompilerThread2" daemon [_thread_in_native, id=14168, stack(0x00000000194e0000,0x00000000195e0000)]
  0x0000000018a14800 JavaThread "C2 CompilerThread1" daemon [_thread_in_native, id=11664, stack(0x00000000193e0000,0x00000000194e0000)]
=>0x0000000018a11800 JavaThread "C2 CompilerThread0" daemon [_thread_in_native, id=14432, stack(0x00000000192e0000,0x00000000193e0000)]
  0x0000000018a10000 JavaThread "Attach Listener" daemon [_thread_blocked, id=8996, stack(0x00000000191e0000,0x00000000192e0000)]
  0x0000000018a0f000 JavaThread "Signal Dispatcher" daemon [_thread_blocked, id=13872, stack(0x00000000190e0000,0x00000000191e0000)]
  0x0000000016bf2000 JavaThread "Finalizer" daemon [_thread_blocked, id=8792, stack(0x0000000018ee0000,0x0000000018fe0000)]
  0x0000000002e27800 JavaThread "Reference Handler" daemon [_thread_blocked, id=15068, stack(0x0000000018de0000,0x0000000018ee0000)]
  0x0000000002bbe000 JavaThread "main" [_thread_blocked, id=5964, stack(0x0000000002c30000,0x0000000002d30000)]

Other Threads:
  0x0000000016be8000 VMThread [stack: 0x00000000188e0000,0x00000000189e0000] [id=14968]
  0x0000000018aa7000 WatcherThread [stack: 0x00000000197e0000,0x00000000198e0000] [id=1472]

VM state:not at safepoint (normal execution)

VM Mutex/Monitor currently owned by a thread: None

heap address: 0x00000000a0000000, size: 1536 MB, Compressed Oops mode: 32-bit
Narrow klass base: 0x0000000000000000, Narrow klass shift: 3
Compressed class space size: 1073741824 Address: 0x0000000100000000

Heap:
 PSYoungGen      total 421888K, used 160511K [0x00000000e0000000, 0x00000000fc380000, 0x0000000100000000)
  eden space 381440K, 39% used [0x00000000e0000000,0x00000000e9231620,0x00000000f7480000)
  from space 40448K, 26% used [0x00000000f7480000,0x00000000f7f0e8f8,0x00000000f9c00000)
  to   space 32768K, 0% used [0x00000000fa380000,0x00000000fa380000,0x00000000fc380000)
 ParOldGen       total 200192K, used 92168K [0x00000000a0000000, 0x00000000ac380000, 0x00000000e0000000)
  object space 200192K, 46% used [0x00000000a0000000,0x00000000a5a02308,0x00000000ac380000)
 Metaspace       used 92516K, capacity 97642K, committed 97752K, reserved 1134592K
  class space    used 12090K, capacity 12970K, committed 13016K, reserved 1048576K

Card table byte_map: [0x00000000121f0000,0x0000000012500000] byte_map_base: 0x0000000011cf0000

Marking Bits: (ParMarkBitMap*) 0x000000006ce09f30
 Begin Bits: [0x0000000012f00000, 0x0000000014700000)
 End Bits:   [0x0000000014700000, 0x0000000015f00000)

Polling page: 0x0000000000bf0000

CodeCache: size=245760Kb used=56139Kb max_used=56151Kb free=189620Kb
 bounds [0x0000000002e30000, 0x0000000006550000, 0x0000000011e30000]
 total_blobs=17372 nmethods=16496 adapters=785
 compilation: enabled

Compilation events (10 events):
Event: 175.411 Thread 0x0000000018a25000 20370       2       com.android.tools.r8.code.F3::a (1 bytes)
Event: 175.411 Thread 0x0000000018a25000 nmethod 20370 0x00000000064e0150 code [0x00000000064e02a0, 0x00000000064e03f0]
Event: 175.416 Thread 0x0000000018a25000 20371       2       com.android.tools.r8.code.g2::a (1 bytes)
Event: 175.416 Thread 0x0000000018a25000 nmethod 20371 0x00000000046bda50 code [0x00000000046bdba0, 0x00000000046bdcf0]
Event: 175.420 Thread 0x0000000018a25000 20372       3       com.android.tools.r8.s.a.b.l.d::a (286 bytes)
Event: 175.422 Thread 0x0000000018a25000 nmethod 20372 0x0000000006535010 code [0x00000000065352c0, 0x0000000006536738]
Event: 175.438 Thread 0x0000000018a25000 20373       1       com.android.tools.r8.graph.Z$a::a (5 bytes)
Event: 175.438 Thread 0x0000000018a25000 nmethod 20373 0x00000000046bd790 code [0x00000000046bd8e0, 0x00000000046bd9f0]
Event: 175.450 Thread 0x0000000018a25000 20375       1       org.gradle.internal.execution.history.impl.DefaultAfterPreviousExecutionState::getOriginMetadata (5 bytes)
Event: 175.450 Thread 0x0000000018a25000 nmethod 20375 0x00000000046bd4d0 code [0x00000000046bd620, 0x00000000046bd730]

GC Heap History (10 events):
Event: 28.150 GC heap before
{Heap before GC invocations=18 (full 3):
 PSYoungGen      total 343552K, used 319776K [0x00000000e0000000, 0x00000000f6f80000, 0x0000000100000000)
  eden space 315904K, 100% used [0x00000000e0000000,0x00000000f3480000,0x00000000f3480000)
  from space 27648K, 14% used [0x00000000f5480000,0x00000000f58480e0,0x00000000f6f80000)
  to   space 30208K, 0% used [0x00000000f3480000,0x00000000f3480000,0x00000000f5200000)
 ParOldGen       total 200192K, used 70878K [0x00000000a0000000, 0x00000000ac380000, 0x00000000e0000000)
  object space 200192K, 35% used [0x00000000a0000000,0x00000000a4537898,0x00000000ac380000)
 Metaspace       used 83833K, capacity 88150K, committed 88408K, reserved 1126400K
  class space    used 11276K, capacity 12052K, committed 12120K, reserved 1048576K
Event: 28.200 GC heap after
Heap after GC invocations=18 (full 3):
 PSYoungGen      total 346112K, used 30207K [0x00000000e0000000, 0x00000000fc700000, 0x0000000100000000)
  eden space 315904K, 0% used [0x00000000e0000000,0x00000000e0000000,0x00000000f3480000)
  from space 30208K, 99% used [0x00000000f3480000,0x00000000f51ffdf8,0x00000000f5200000)
  to   space 36352K, 0% used [0x00000000fa380000,0x00000000fa380000,0x00000000fc700000)
 ParOldGen       total 200192K, used 74586K [0x00000000a0000000, 0x00000000ac380000, 0x00000000e0000000)
  object space 200192K, 37% used [0x00000000a0000000,0x00000000a48d6b60,0x00000000ac380000)
 Metaspace       used 83833K, capacity 88150K, committed 88408K, reserved 1126400K
  class space    used 11276K, capacity 12052K, committed 12120K, reserved 1048576K
}
Event: 66.225 GC heap before
{Heap before GC invocations=19 (full 3):
 PSYoungGen      total 346112K, used 346111K [0x00000000e0000000, 0x00000000fc700000, 0x0000000100000000)
  eden space 315904K, 100% used [0x00000000e0000000,0x00000000f3480000,0x00000000f3480000)
  from space 30208K, 99% used [0x00000000f3480000,0x00000000f51ffdf8,0x00000000f5200000)
  to   space 36352K, 0% used [0x00000000fa380000,0x00000000fa380000,0x00000000fc700000)
 ParOldGen       total 200192K, used 74586K [0x00000000a0000000, 0x00000000ac380000, 0x00000000e0000000)
  object space 200192K, 37% used [0x00000000a0000000,0x00000000a48d6b60,0x00000000ac380000)
 Metaspace       used 91007K, capacity 95796K, committed 95832K, reserved 1132544K
  class space    used 11992K, capacity 12873K, committed 12888K, reserved 1048576K
Event: 66.265 GC heap after
Heap after GC invocations=19 (full 3):
 PSYoungGen      total 414208K, used 31708K [0x00000000e0000000, 0x00000000fc380000, 0x0000000100000000)
  eden space 381440K, 0% used [0x00000000e0000000,0x00000000e0000000,0x00000000f7480000)
  from space 32768K, 96% used [0x00000000fa380000,0x00000000fc277180,0x00000000fc380000)
  to   space 40448K, 0% used [0x00000000f7480000,0x00000000f7480000,0x00000000f9c00000)
 ParOldGen       total 200192K, used 76951K [0x00000000a0000000, 0x00000000ac380000, 0x00000000e0000000)
  object space 200192K, 38% used [0x00000000a0000000,0x00000000a4b25c50,0x00000000ac380000)
 Metaspace       used 91007K, capacity 95796K, committed 95832K, reserved 1132544K
  class space    used 11992K, capacity 12873K, committed 12888K, reserved 1048576K
}
Event: 173.232 GC heap before
{Heap before GC invocations=20 (full 3):
 PSYoungGen      total 414208K, used 413148K [0x00000000e0000000, 0x00000000fc380000, 0x0000000100000000)
  eden space 381440K, 100% used [0x00000000e0000000,0x00000000f7480000,0x00000000f7480000)
  from space 32768K, 96% used [0x00000000fa380000,0x00000000fc277180,0x00000000fc380000)
  to   space 40448K, 0% used [0x00000000f7480000,0x00000000f7480000,0x00000000f9c00000)
 ParOldGen       total 200192K, used 76951K [0x00000000a0000000, 0x00000000ac380000, 0x00000000e0000000)
  object space 200192K, 38% used [0x00000000a0000000,0x00000000a4b25c50,0x00000000ac380000)
 Metaspace       used 92378K, capacity 97458K, committed 97752K, reserved 1134592K
  class space    used 12082K, capacity 12964K, committed 13016K, reserved 1048576K
Event: 173.280 GC heap after
Heap after GC invocations=20 (full 3):
 PSYoungGen      total 421888K, used 33698K [0x00000000e0000000, 0x00000000fc380000, 0x0000000100000000)
  eden space 381440K, 0% used [0x00000000e0000000,0x00000000e0000000,0x00000000f7480000)
  from space 40448K, 83% used [0x00000000f7480000,0x00000000f9568bc8,0x00000000f9c00000)
  to   space 32768K, 0% used [0x00000000fa380000,0x00000000fa380000,0x00000000fc380000)
 ParOldGen       total 200192K, used 76959K [0x00000000a0000000, 0x00000000ac380000, 0x00000000e0000000)
  object space 200192K, 38% used [0x00000000a0000000,0x00000000a4b27c50,0x00000000ac380000)
 Metaspace       used 92378K, capacity 97458K, committed 97752K, reserved 1134592K
  class space    used 12082K, capacity 12964K, committed 13016K, reserved 1048576K
}
Event: 173.845 GC heap before
{Heap before GC invocations=21 (full 3):
 PSYoungGen      total 421888K, used 415138K [0x00000000e0000000, 0x00000000fc380000, 0x0000000100000000)
  eden space 381440K, 100% used [0x00000000e0000000,0x00000000f7480000,0x00000000f7480000)
  from space 40448K, 83% used [0x00000000f7480000,0x00000000f9568bc8,0x00000000f9c00000)
  to   space 32768K, 0% used [0x00000000fa380000,0x00000000fa380000,0x00000000fc380000)
 ParOldGen       total 200192K, used 76959K [0x00000000a0000000, 0x00000000ac380000, 0x00000000e0000000)
  object space 200192K, 38% used [0x00000000a0000000,0x00000000a4b27c50,0x00000000ac380000)
 Metaspace       used 92439K, capacity 97554K, committed 97752K, reserved 1134592K
  class space    used 12084K, capacity 12968K, committed 13016K, reserved 1048576K
Event: 173.885 GC heap after
Heap after GC invocations=21 (full 3):
 PSYoungGen      total 414208K, used 32762K [0x00000000e0000000, 0x00000000fc380000, 0x0000000100000000)
  eden space 381440K, 0% used [0x00000000e0000000,0x00000000e0000000,0x00000000f7480000)
  from space 32768K, 99% used [0x00000000fa380000,0x00000000fc37e888,0x00000000fc380000)
  to   space 40448K, 0% used [0x00000000f7480000,0x00000000f7480000,0x00000000f9c00000)
 ParOldGen       total 200192K, used 78193K [0x00000000a0000000, 0x00000000ac380000, 0x00000000e0000000)
  object space 200192K, 39% used [0x00000000a0000000,0x00000000a4c5c718,0x00000000ac380000)
 Metaspace       used 92439K, capacity 97554K, committed 97752K, reserved 1134592K
  class space    used 12084K, capacity 12968K, committed 13016K, reserved 1048576K
}
Event: 174.853 GC heap before
{Heap before GC invocations=22 (full 3):
 PSYoungGen      total 414208K, used 414202K [0x00000000e0000000, 0x00000000fc380000, 0x0000000100000000)
  eden space 381440K, 100% used [0x00000000e0000000,0x00000000f7480000,0x00000000f7480000)
  from space 32768K, 99% used [0x00000000fa380000,0x00000000fc37e888,0x00000000fc380000)
  to   space 40448K, 0% used [0x00000000f7480000,0x00000000f7480000,0x00000000f9c00000)
 ParOldGen       total 200192K, used 78193K [0x00000000a0000000, 0x00000000ac380000, 0x00000000e0000000)
  object space 200192K, 39% used [0x00000000a0000000,0x00000000a4c5c718,0x00000000ac380000)
 Metaspace       used 92486K, capacity 97572K, committed 97752K, reserved 1134592K
  class space    used 12086K, capacity 12969K, committed 13016K, reserved 1048576K
Event: 174.888 GC heap after
Heap after GC invocations=22 (full 3):
 PSYoungGen      total 421888K, used 10810K [0x00000000e0000000, 0x00000000fc380000, 0x0000000100000000)
  eden space 381440K, 0% used [0x00000000e0000000,0x00000000e0000000,0x00000000f7480000)
  from space 40448K, 26% used [0x00000000f7480000,0x00000000f7f0e8f8,0x00000000f9c00000)
  to   space 32768K, 0% used [0x00000000fa380000,0x00000000fa380000,0x00000000fc380000)
 ParOldGen       total 200192K, used 92168K [0x00000000a0000000, 0x00000000ac380000, 0x00000000e0000000)
  object space 200192K, 46% used [0x00000000a0000000,0x00000000a5a02308,0x00000000ac380000)
 Metaspace       used 92486K, capacity 97572K, committed 97752K, reserved 1134592K
  class space    used 12086K, capacity 12969K, committed 13016K, reserved 1048576K
}

Deoptimization events (10 events):
Event: 174.436 Thread 0x0000000021ba5000 Uncommon trap: reason=bimorphic action=maybe_recompile pc=0x0000000005ee55d4 method=java.security.MessageDigest$Delegate.clone()Ljava/lang/Object; @ 14
Event: 174.440 Thread 0x0000000021ba5000 Uncommon trap: reason=bimorphic action=maybe_recompile pc=0x0000000005ee55d4 method=java.security.MessageDigest$Delegate.clone()Ljava/lang/Object; @ 14
Event: 174.443 Thread 0x0000000021ba5000 Uncommon trap: reason=bimorphic action=maybe_recompile pc=0x0000000005ee55d4 method=java.security.MessageDigest$Delegate.clone()Ljava/lang/Object; @ 14
Event: 175.445 Thread 0x000000001b960000 Uncommon trap: reason=class_check action=maybe_recompile pc=0x0000000002fad380 method=java.lang.Throwable.<init>(Ljava/lang/String;Ljava/lang/Throwable;)V @ 24
Event: 175.447 Thread 0x000000001b960000 Uncommon trap: reason=unstable_if action=reinterpret pc=0x0000000006133318 method=com.android.ide.common.blame.SourceFile.equals(Ljava/lang/Object;)Z @ 2
Event: 175.447 Thread 0x000000001b960000 Uncommon trap: reason=class_check action=maybe_recompile pc=0x00000000057db7b4 method=org.gradle.internal.operations.logging.LoggingBuildOperationProgressBroadcaster.onOutput(Lorg/gradle/internal/logging/events/OutputEvent;)V @ 8
Event: 175.448 Thread 0x000000001b960000 Uncommon trap: reason=class_check action=maybe_recompile pc=0x0000000002fad380 method=java.lang.Throwable.<init>(Ljava/lang/String;Ljava/lang/Throwable;)V @ 24
Event: 175.448 Thread 0x000000001b960000 Uncommon trap: reason=class_check action=maybe_recompile pc=0x0000000002fad380 method=java.lang.Throwable.<init>(Ljava/lang/String;Ljava/lang/Throwable;)V @ 24
Event: 175.450 Thread 0x000000001b960000 Uncommon trap: reason=class_check action=maybe_recompile pc=0x0000000002fad380 method=java.lang.Throwable.<init>(Ljava/lang/String;Ljava/lang/Throwable;)V @ 24
Event: 175.451 Thread 0x000000001b960000 Uncommon trap: reason=unstable_if action=reinterpret pc=0x0000000005dbfdfc method=org.gradle.internal.operations.DefaultBuildOperationExecutor$3.stop()V @ 61

Classes redefined (0 events):
No events

Internal exceptions (10 events):
Event: 173.009 Thread 0x000000001b967000 Exception <a 'sun/nio/fs/WindowsException'> (0x00000000f144b550) thrown at [D:\src\AOSP-openjdk-cygwin\jdk8u\hotspot\src\share\vm\prims\jni.cpp, line 710]
Event: 173.030 Thread 0x000000001b968800 Exception <a 'sun/nio/fs/WindowsException'> (0x00000000f1d11080) thrown at [D:\src\AOSP-openjdk-cygwin\jdk8u\hotspot\src\share\vm\prims\jni.cpp, line 710]
Event: 173.039 Thread 0x000000001b960000 Exception <a 'sun/nio/fs/WindowsException'> (0x00000000f226fef8) thrown at [D:\src\AOSP-openjdk-cygwin\jdk8u\hotspot\src\share\vm\prims\jni.cpp, line 710]
Event: 173.041 Thread 0x0000000021ba5000 Exception <a 'sun/nio/fs/WindowsException'> (0x00000000f21f4838) thrown at [D:\src\AOSP-openjdk-cygwin\jdk8u\hotspot\src\share\vm\prims\jni.cpp, line 710]
Event: 173.071 Thread 0x000000001b967000 Exception <a 'sun/nio/fs/WindowsException'> (0x00000000f31671a0) thrown at [D:\src\AOSP-openjdk-cygwin\jdk8u\hotspot\src\share\vm\prims\jni.cpp, line 710]
Event: 173.127 Thread 0x000000001b961000 Exception <a 'sun/nio/fs/WindowsException'> (0x00000000f4e6d670) thrown at [D:\src\AOSP-openjdk-cygwin\jdk8u\hotspot\src\share\vm\prims\jni.cpp, line 710]
Event: 173.369 Thread 0x000000001b966000 Exception <a 'sun/nio/fs/WindowsException'> (0x00000000e3a1c778) thrown at [D:\src\AOSP-openjdk-cygwin\jdk8u\hotspot\src\share\vm\prims\jni.cpp, line 710]
Event: 174.233 Thread 0x000000001b968800 Exception <a 'sun/nio/fs/WindowsException'> (0x00000000eb9f31d0) thrown at [D:\src\AOSP-openjdk-cygwin\jdk8u\hotspot\src\share\vm\prims\jni.cpp, line 710]
Event: 174.445 Thread 0x000000001b967800 Exception <a 'sun/nio/fs/WindowsException'> (0x00000000f15e8d18) thrown at [D:\src\AOSP-openjdk-cygwin\jdk8u\hotspot\src\share\vm\prims\jni.cpp, line 710]
Event: 174.705 Thread 0x000000001b961000 Exception <a 'sun/nio/fs/WindowsException'> (0x00000000f56e40f0) thrown at [D:\src\AOSP-openjdk-cygwin\jdk8u\hotspot\src\share\vm\prims\jni.cpp, line 710]

Events (10 events):
Event: 175.449 loading class org/gradle/internal/execution/steps/CatchExceptionStep$1
Event: 175.449 loading class org/gradle/internal/execution/steps/CatchExceptionStep$1 done
Event: 175.450 Thread 0x000000001b960000 Uncommon trap: trap_request=0xffffffde fr.pc=0x0000000002fad380
Event: 175.450 Thread 0x000000001b960000 DEOPT PACKING pc=0x0000000002fad380 sp=0x000000002530ccb0
Event: 175.450 Thread 0x000000001b960000 DEOPT UNPACKING pc=0x0000000002e7557b sp=0x000000002530cc80 mode 2
Event: 175.451 Thread 0x000000001b960000 Uncommon trap: trap_request=0xffffff65 fr.pc=0x0000000005dbfdfc
Event: 175.451 Thread 0x000000001b960000 DEOPT PACKING pc=0x0000000005dbfdfc sp=0x000000002530e550
Event: 175.451 Thread 0x000000001b960000 DEOPT UNPACKING pc=0x0000000002e7557b sp=0x000000002530e450 mode 2
Event: 175.452 loading class org/gradle/internal/serialize/Message
Event: 175.452 loading class org/gradle/internal/serialize/Message done


Dynamic libraries:
0x00007ff79a090000 - 0x00007ff79a0c1000 	E:\Android Studio\jre\bin\java.exe
0x00007ffea3000000 - 0x00007ffea31f0000 	C:\Windows\SYSTEM32\ntdll.dll
0x00007ffea15a0000 - 0x00007ffea1652000 	C:\Windows\System32\KERNEL32.DLL
0x00007ffea02f0000 - 0x00007ffea0594000 	C:\Windows\System32\KERNELBASE.dll
0x00007ffea1810000 - 0x00007ffea18b3000 	C:\Windows\System32\ADVAPI32.dll
0x00007ffea2880000 - 0x00007ffea291e000 	C:\Windows\System32\msvcrt.dll
0x00007ffea2a20000 - 0x00007ffea2ab7000 	C:\Windows\System32\sechost.dll
0x00007ffea1930000 - 0x00007ffea1a50000 	C:\Windows\System32\RPCRT4.dll
0x00007ffea1400000 - 0x00007ffea1594000 	C:\Windows\System32\USER32.dll
0x00007ffea00c0000 - 0x00007ffea00e1000 	C:\Windows\System32\win32u.dll
0x00007ffea2830000 - 0x00007ffea2856000 	C:\Windows\System32\GDI32.dll
0x00007ffea0150000 - 0x00007ffea02e4000 	C:\Windows\System32\gdi32full.dll
0x00007ffea0ff0000 - 0x00007ffea108e000 	C:\Windows\System32\msvcp_win.dll
0x00007ffea0d50000 - 0x00007ffea0e4a000 	C:\Windows\System32\ucrtbase.dll
0x00007ffe929f0000 - 0x00007ffe92c74000 	C:\Windows\WinSxS\amd64_microsoft.windows.common-controls_6595b64144ccf1df_6.0.18362.836_none_e6c4b943130f18ed\COMCTL32.dll
0x00007ffea2c80000 - 0x00007ffea2fb6000 	C:\Windows\System32\combase.dll
0x00007ffe9ff90000 - 0x00007ffea0010000 	C:\Windows\System32\bcryptPrimitives.dll
0x00007ffea2920000 - 0x00007ffea294e000 	C:\Windows\System32\IMM32.DLL
0x000000006c480000 - 0x000000006c552000 	E:\Android Studio\jre\jre\bin\msvcr100.dll
0x000000006c640000 - 0x000000006ce86000 	E:\Android Studio\jre\jre\bin\server\jvm.dll
0x00007ffea1660000 - 0x00007ffea1668000 	C:\Windows\System32\PSAPI.DLL
0x00007ffe999b0000 - 0x00007ffe999ba000 	C:\Windows\SYSTEM32\VERSION.dll
0x00007ffe9be60000 - 0x00007ffe9be84000 	C:\Windows\SYSTEM32\WINMM.dll
0x00007ffe9e9d0000 - 0x00007ffe9e9d9000 	C:\Windows\SYSTEM32\WSOCK32.dll
0x00007ffea18c0000 - 0x00007ffea192f000 	C:\Windows\System32\WS2_32.dll
0x00007ffe9be30000 - 0x00007ffe9be5d000 	C:\Windows\SYSTEM32\WINMMBASE.dll
0x00007ffea0fa0000 - 0x00007ffea0fea000 	C:\Windows\System32\cfgmgr32.dll
0x00007ffe9b580000 - 0x00007ffe9b58f000 	E:\Android Studio\jre\jre\bin\verify.dll
0x00007ffe9b550000 - 0x00007ffe9b579000 	E:\Android Studio\jre\jre\bin\java.dll
0x00007ffe99c50000 - 0x00007ffe99c66000 	E:\Android Studio\jre\jre\bin\zip.dll
0x00007ffea1a50000 - 0x00007ffea2134000 	C:\Windows\System32\SHELL32.dll
0x00007ffea1350000 - 0x00007ffea13f9000 	C:\Windows\System32\shcore.dll
0x00007ffea05d0000 - 0x00007ffea0d4e000 	C:\Windows\System32\windows.storage.dll
0x00007ffe9fef0000 - 0x00007ffe9ff13000 	C:\Windows\System32\profapi.dll
0x00007ffe9ff20000 - 0x00007ffe9ff6a000 	C:\Windows\System32\powrprof.dll
0x00007ffe9fec0000 - 0x00007ffe9fed0000 	C:\Windows\System32\UMPDC.dll
0x00007ffea2140000 - 0x00007ffea2192000 	C:\Windows\System32\shlwapi.dll
0x00007ffe9ff70000 - 0x00007ffe9ff81000 	C:\Windows\System32\kernel.appcore.dll
0x00007ffea1090000 - 0x00007ffea10a7000 	C:\Windows\System32\cryptsp.dll
0x00007ffe99c30000 - 0x00007ffe99c4a000 	E:\Android Studio\jre\jre\bin\net.dll
0x00007ffe8b3f0000 - 0x00007ffe8b5c6000 	C:\Windows\SYSTEM32\urlmon.dll
0x00007ffe8b0c0000 - 0x00007ffe8b366000 	C:\Windows\SYSTEM32\iertutil.dll
0x00007ffe9f900000 - 0x00007ffe9f90c000 	C:\Windows\SYSTEM32\CRYPTBASE.DLL
0x00007ffe9f730000 - 0x00007ffe9f797000 	C:\Windows\system32\mswsock.dll
0x00007ffe91fd0000 - 0x00007ffe91fe3000 	E:\Android Studio\jre\jre\bin\nio.dll
0x00007ffe76410000 - 0x00007ffe76436000 	C:\Users\osman\.gradle\native\30\windows-amd64\native-platform.dll
0x00007ffe99b50000 - 0x00007ffe99b5d000 	E:\Android Studio\jre\jre\bin\management.dll
0x00007ffe9f2a0000 - 0x00007ffe9f2d3000 	C:\Windows\system32\rsaenh.dll
0x00007ffea05a0000 - 0x00007ffea05c6000 	C:\Windows\System32\bcrypt.dll
0x00007ffe9fde0000 - 0x00007ffe9fe05000 	C:\Windows\SYSTEM32\USERENV.dll
0x00007ffe9f440000 - 0x00007ffe9f47a000 	C:\Windows\SYSTEM32\IPHLPAPI.DLL
0x00007ffea23b0000 - 0x00007ffea23b8000 	C:\Windows\System32\NSI.dll
0x00007ffe984a0000 - 0x00007ffe984b6000 	C:\Windows\SYSTEM32\dhcpcsvc6.DLL
0x00007ffe981f0000 - 0x00007ffe9820c000 	C:\Windows\SYSTEM32\dhcpcsvc.DLL
0x00007ffe9f480000 - 0x00007ffe9f54b000 	C:\Windows\SYSTEM32\DNSAPI.dll
0x00007ffe9ef20000 - 0x00007ffe9ef51000 	C:\Windows\SYSTEM32\ntmarta.dll

VM Arguments:
jvm_args: -Xmx1536m -Dfile.encoding=windows-1252 -Duser.country=US -Duser.language=en -Duser.variant 
java_command: org.gradle.launcher.daemon.bootstrap.GradleDaemon 5.6.4
java_class_path (initial): C:\Users\osman\.gradle\wrapper\dists\gradle-5.6.4-all\ankdp27end7byghfw1q2sw75f\gradle-5.6.4\lib\gradle-launcher-5.6.4.jar
Launcher Type: SUN_STANDARD

Environment Variables:
PATH=C:\Program Files (x86)\Microsoft SDKs\Azure\CLI2\wbin;C:\Program Files (x86)\Python38-32\Scripts\;C:\Program Files (x86)\Python38-32\;C:\Program Files (x86)\Common Files\Oracle\Java\javapath;C:\Windows\system32;C:\Windows;C:\Windows\System32\Wbem;C:\Windows\System32\WindowsPowerShell\v1.0\;C:\Windows\System32\OpenSSH\;C:\Program Files\Microsoft VS Code\bin;C:\Program Files (x86)\NVIDIA Corporation\PhysX\Common;D:\Gimbal\Raspberry\PuTTY\;C:\Program Files\Docker\Docker\resources\bin;C:\ProgramData\DockerDesktop\version-bin;C:\Program Files\dotnet\;C:\Program Files (x86)\dotnet\;C:\Program Files\Git\cmd;D:\Golang\Installation\bin;C:\Users\osman\AppData\Local\Microsoft\WindowsApps;C:\MinGW\bin;D:\Image Processing\latex\texlive\2019\bin\win32;C:\Program Files\JetBrains\IntelliJ IDEA 2019.2.4\bin;C:\Users\osman\AppData\Local\Programs\Python\Python36-32;D:\Gimbal\VLC\Installation;C:\Users\osman\.dotnet\tools;E:\Flutter\flutter_windows_v1.12.13+hotfix.8-stable\flutter\bin;D:\quartus\Kurulum\modelsim_ase\win32aloem;D:\YGO;C:\Users\osman\go\bin;D:\Se2\geckodriver-v0.26.0-win64;
USERNAME=osman
OS=Windows_NT
PROCESSOR_IDENTIFIER=Intel64 Family 6 Model 94 Stepping 3, GenuineIntel



---------------  S Y S T E M  ---------------

OS: Windows 10.0 , 64 bit Build 18362 (10.0.18362.778)

CPU:total 8 (initial active 8) (4 cores per cpu, 2 threads per core) family 6 model 94 stepping 3, cmov, cx8, fxsr, mmx, sse, sse2, sse3, ssse3, sse4.1, sse4.2, popcnt, avx, avx2, aes, clmul, erms, rtm, 3dnowpref, lzcnt, ht, tsc, tscinvbit, bmi1, bmi2, adx

Memory: 4k page, physical 16636184k(2046836k free), swap 16636184k(5200k free)

vm_info: OpenJDK 64-Bit Server VM (25.212-b04) for windows-amd64 JRE (1.8.0_212-release-1586-b04), built by "builder" with MS VC++ 10.0 (VS2010)

time: Sun May 31 00:41:25 2020
timezone: Turkey Standard Time
elapsed time: 175 seconds (0d 0h 2m 55s)

