#
# There is insufficient memory for the Java Runtime Environment to continue.
# Native memory allocation (malloc) failed to allocate 1338256 bytes for Chunk::new
# Possible reasons:
#   The system is out of physical RAM or swap space
#   The process is running with CompressedOops enabled, and the Java Heap may be blocking the growth of the native heap
# Possible solutions:
#   Reduce memory load on the system
#   Increase physical memory or swap space
#   Check if swap backing store is full
#   Decrease Java heap size (-Xmx/-Xms)
#   Decrease number of Java threads
#   Decrease Java thread stack sizes (-Xss)
#   Set larger code cache with -XX:ReservedCodeCacheSize=
#   JVM is running with Unscaled Compressed Oops mode in which the Java heap is
#     placed in the first 4GB address space. The Java Heap base address is the
#     maximum limit for the native heap growth. Please use -XX:HeapBaseMinAddress
#     to set the Java Heap base and to place the Java Heap above 4GB virtual address.
# This output file may be truncated or incomplete.
#
#  Out of Memory Error (allocation.cpp:389), pid=9740, tid=0x0000000000001d54
#
# JRE version: OpenJDK Runtime Environment (8.0_212-b04) (build 1.8.0_212-release-1586-b04)
# Java VM: OpenJDK 64-Bit Server VM (25.212-b04 mixed mode windows-amd64 compressed oops)
# Failed to write core dump. Minidumps are not enabled by default on client versions of Windows
#

---------------  T H R E A D  ---------------

Current thread (0x0000000016aec000):  JavaThread "C2 CompilerThread1" daemon [_thread_in_native, id=7508, stack(0x00000000192c0000,0x00000000193c0000)]

Stack: [0x00000000192c0000,0x00000000193c0000]
[error occurred during error reporting (printing stack bounds), id 0xc0000005]

Native frames: (J=compiled Java code, j=interpreted, Vv=VM code, C=native code)


Current CompileTask:
C2:  13137 9358       4       com.android.tools.r8.u.c.o::a (270 bytes)


---------------  P R O C E S S  ---------------

Java Threads: ( => current thread )
  0x0000000024643800 JavaThread "Cache worker for execution history cache (C:\Users\osman\AndroidStudioProjects\Phoneroll3\.gradle\5.6.4\executionHistory)" [_thread_blocked, id=2800, stack(0x0000000026720000,0x0000000026820000)]
  0x0000000024641000 JavaThread "Execution worker for ':' Thread 7" [_thread_blocked, id=12864, stack(0x0000000026420000,0x0000000026520000)]
  0x0000000024640800 JavaThread "Execution worker for ':' Thread 6" [_thread_blocked, id=6440, stack(0x0000000026320000,0x0000000026420000)]
  0x000000001d938000 JavaThread "Execution worker for ':' Thread 5" [_thread_in_Java, id=8676, stack(0x0000000026220000,0x0000000026320000)]
  0x000000001d937800 JavaThread "Execution worker for ':' Thread 4" [_thread_in_Java, id=11484, stack(0x0000000026120000,0x0000000026220000)]
  0x000000001d93b800 JavaThread "Execution worker for ':' Thread 3" [_thread_in_Java, id=13360, stack(0x0000000026020000,0x0000000026120000)]
  0x000000001d93a800 JavaThread "Execution worker for ':' Thread 2" [_thread_blocked, id=14736, stack(0x0000000025c30000,0x0000000025d30000)]
  0x000000001d936000 JavaThread "Execution worker for ':'" [_thread_in_Java, id=8492, stack(0x0000000025b30000,0x0000000025c30000)]
  0x000000001d939000 JavaThread "Cache worker for file content cache (C:\Users\osman\AndroidStudioProjects\Phoneroll3\.gradle\5.6.4\fileContent)" [_thread_blocked, id=13672, stack(0x0000000025630000,0x0000000025730000)]
  0x000000001d93a000 JavaThread "Cache worker for file content cache (C:\Users\osman\.gradle\caches\5.6.4\fileContent)" [_thread_blocked, id=5936, stack(0x0000000025530000,0x0000000025630000)]
  0x000000001d936800 JavaThread "Memory manager" [_thread_blocked, id=7660, stack(0x0000000023e50000,0x0000000023f50000)]
  0x000000001d92e800 JavaThread "Cache worker for Build Output Cleanup Cache (C:\Users\osman\AndroidStudioProjects\Phoneroll3\.gradle\buildOutputCleanup)" [_thread_in_native, id=1604, stack(0x0000000023940000,0x0000000023a40000)]
  0x000000001d931800 JavaThread "Build operations Thread 8" [_thread_blocked, id=2388, stack(0x0000000023440000,0x0000000023540000)]
  0x000000001d934800 JavaThread "Build operations Thread 7" [_thread_blocked, id=3572, stack(0x0000000023340000,0x0000000023440000)]
  0x000000001d933800 JavaThread "Build operations Thread 6" [_thread_blocked, id=11128, stack(0x0000000023240000,0x0000000023340000)]
  0x000000001d930800 JavaThread "Build operations Thread 5" [_thread_blocked, id=8996, stack(0x0000000023140000,0x0000000023240000)]
  0x000000001d92c000 JavaThread "Build operations Thread 4" [_thread_blocked, id=11900, stack(0x0000000023040000,0x0000000023140000)]
  0x000000001d92d800 JavaThread "Build operations Thread 3" [_thread_blocked, id=8920, stack(0x0000000022f40000,0x0000000023040000)]
  0x000000001d933000 JavaThread "Build operations Thread 2" [_thread_blocked, id=904, stack(0x0000000022e40000,0x0000000022f40000)]
  0x000000001d92d000 JavaThread "Build operations" [_thread_blocked, id=1472, stack(0x00000000228c0000,0x00000000229c0000)]
  0x000000001d930000 JavaThread "Cache worker for execution history cache (C:\Users\osman\.gradle\caches\5.6.4\executionHistory)" [_thread_blocked, id=7544, stack(0x00000000227c0000,0x00000000228c0000)]
  0x000000001d932000 JavaThread "Cache worker for cache directory md-rule (C:\Users\osman\.gradle\caches\5.6.4\md-rule)" [_thread_blocked, id=14784, stack(0x00000000226c0000,0x00000000227c0000)]
  0x0000000019c57000 JavaThread "Cache worker for cache directory md-supplier (C:\Users\osman\.gradle\caches\5.6.4\md-supplier)" [_thread_blocked, id=5820, stack(0x000000001fc80000,0x000000001fd80000)]
  0x0000000019c53000 JavaThread "Cache worker for file hash cache (C:\Users\osman\AndroidStudioProjects\Phoneroll3\.gradle\5.6.4\fileHashes)" [_thread_blocked, id=9304, stack(0x000000001f980000,0x000000001fa80000)]
  0x0000000019c51800 JavaThread "Cache worker for journal cache (C:\Users\osman\.gradle\caches\journal-1)" [_thread_blocked, id=11788, stack(0x000000001d6e0000,0x000000001d7e0000)]
  0x0000000019c50000 JavaThread "File lock request listener" [_thread_in_native, id=8196, stack(0x000000001d5e0000,0x000000001d6e0000)]
  0x000000001b31e000 JavaThread "Cache worker for file hash cache (C:\Users\osman\.gradle\caches\5.6.4\fileHashes)" [_thread_blocked, id=6068, stack(0x000000001d2e0000,0x000000001d3e0000)]
  0x000000001b26d000 JavaThread "Thread-9" [_thread_blocked, id=10380, stack(0x000000001d1e0000,0x000000001d2e0000)]
  0x000000001b26a000 JavaThread "Stdin handler" [_thread_blocked, id=14632, stack(0x000000001d0e0000,0x000000001d1e0000)]
  0x000000001b268800 JavaThread "Asynchronous log dispatcher for DefaultDaemonConnection: socket connection from /127.0.0.1:55780 to /127.0.0.1:55781" [_thread_blocked, id=13404, stack(0x000000001cee0000,0x000000001cfe0000)]
  0x000000001b3ab000 JavaThread "Daemon worker" [_thread_in_Java, id=14352, stack(0x000000001cde0000,0x000000001cee0000)]
  0x000000001b2a2000 JavaThread "Cancel handler" [_thread_blocked, id=4392, stack(0x000000001cce0000,0x000000001cde0000)]
  0x000000001b248800 JavaThread "Handler for socket connection from /127.0.0.1:55780 to /127.0.0.1:55781" [_thread_in_native, id=14700, stack(0x000000001c9e0000,0x000000001cae0000)]
  0x000000001b241800 JavaThread "Daemon" [_thread_blocked, id=4152, stack(0x000000001c8e0000,0x000000001c9e0000)]
  0x000000001b1dc000 JavaThread "Daemon periodic checks" [_thread_blocked, id=6708, stack(0x000000001c7e0000,0x000000001c8e0000)]
  0x000000001b1e3800 JavaThread "Incoming local TCP Connector on port 55780" [_thread_in_native, id=14428, stack(0x000000001c5a0000,0x000000001c6a0000)]
  0x000000001b0ef000 JavaThread "Daemon health stats" [_thread_blocked, id=5588, stack(0x000000001bf60000,0x000000001c060000)]
  0x000000001897c000 JavaThread "Service Thread" daemon [_thread_blocked, id=4592, stack(0x00000000195c0000,0x00000000196c0000)]
  0x00000000188fe000 JavaThread "C1 CompilerThread3" daemon [_thread_blocked, id=8140, stack(0x00000000194c0000,0x00000000195c0000)]
  0x00000000188f9800 JavaThread "C2 CompilerThread2" daemon [_thread_in_native, id=14904, stack(0x00000000193c0000,0x00000000194c0000)]
=>0x0000000016aec000 JavaThread "C2 CompilerThread1" daemon [_thread_in_native, id=7508, stack(0x00000000192c0000,0x00000000193c0000)]
  0x00000000188f6000 JavaThread "C2 CompilerThread0" daemon [_thread_in_native, id=8244, stack(0x00000000191c0000,0x00000000192c0000)]
  0x00000000188f4000 JavaThread "Attach Listener" daemon [_thread_blocked, id=11888, stack(0x00000000190c0000,0x00000000191c0000)]
  0x00000000188f3000 JavaThread "Signal Dispatcher" daemon [_thread_blocked, id=1812, stack(0x0000000018fc0000,0x00000000190c0000)]
  0x0000000002d1e000 JavaThread "Finalizer" daemon [_thread_blocked, id=4692, stack(0x0000000018dc0000,0x0000000018ec0000)]
  0x0000000002d15000 JavaThread "Reference Handler" daemon [_thread_blocked, id=14720, stack(0x0000000018cc0000,0x0000000018dc0000)]
  0x0000000002c1e000 JavaThread "main" [_thread_blocked, id=14356, stack(0x0000000002ae0000,0x0000000002be0000)]

Other Threads:
  0x0000000016ad8800 VMThread [stack: 0x00000000187c0000,0x00000000188c0000] [id=13636]
  0x000000001897d000 WatcherThread [stack: 0x00000000196c0000,0x00000000197c0000] [id=6128]

VM state:not at safepoint (normal execution)

VM Mutex/Monitor currently owned by a thread: None

heap address: 0x00000000a0000000, size: 1536 MB, Compressed Oops mode: 32-bit
Narrow klass base: 0x0000000000000000, Narrow klass shift: 3
Compressed class space size: 1073741824 Address: 0x0000000100000000

Heap:
 PSYoungGen      total 485376K, used 60639K [0x00000000e0000000, 0x0000000100000000, 0x0000000100000000)
  eden space 451584K, 7% used [0x00000000e0000000,0x00000000e212a558,0x00000000fb900000)
  from space 33792K, 78% used [0x00000000fb900000,0x00000000fd30d9b0,0x00000000fda00000)
  to   space 35840K, 0% used [0x00000000fdd00000,0x00000000fdd00000,0x0000000100000000)
 ParOldGen       total 179712K, used 44638K [0x00000000a0000000, 0x00000000aaf80000, 0x00000000e0000000)
  object space 179712K, 24% used [0x00000000a0000000,0x00000000a2b97978,0x00000000aaf80000)
 Metaspace       used 70294K, capacity 74294K, committed 74584K, reserved 1114112K
  class space    used 9722K, capacity 10513K, committed 10584K, reserved 1048576K

Card table byte_map: [0x00000000120e0000,0x00000000123f0000] byte_map_base: 0x0000000011be0000

Marking Bits: (ParMarkBitMap*) 0x000000006ce09f30
 Begin Bits: [0x0000000012df0000, 0x00000000145f0000)
 End Bits:   [0x00000000145f0000, 0x0000000015df0000)

Polling page: 0x0000000000d90000

CodeCache: size=245760Kb used=29835Kb max_used=30456Kb free=215924Kb
 bounds [0x0000000002d20000, 0x0000000004b20000, 0x0000000011d20000]
 total_blobs=10068 nmethods=9259 adapters=720
 compilation: enabled

Compilation events (10 events):
Event: 13.117 Thread 0x00000000188fe000 10924       3       com.android.tools.r8.u.c.J::a (182 bytes)
Event: 13.119 Thread 0x00000000188fe000 nmethod 10924 0x000000000316f010 code [0x000000000316f340, 0x0000000003170b68]
Event: 13.119 Thread 0x00000000188fe000 10926 %     3       com.android.tools.r8.ir.optimize.h::b @ 34 (158 bytes)
Event: 13.121 Thread 0x00000000188fe000 nmethod 10926% 0x0000000003f886d0 code [0x0000000003f88b60, 0x0000000003f8b668]
Event: 13.121 Thread 0x00000000188fe000 10929       2       com.android.tools.r8.u.b.m0::a (90 bytes)
Event: 13.122 Thread 0x00000000188fe000 nmethod 10929 0x0000000003706750 code [0x0000000003706920, 0x0000000003706d28]
Event: 13.122 Thread 0x00000000188fe000 10927       2       com.android.tools.r8.ir.regalloc.i$$Lambda$1018/1337775011::apply (8 bytes)
Event: 13.122 Thread 0x00000000188fe000 nmethod 10927 0x000000000337fcd0 code [0x000000000337fe60, 0x0000000003380108]
Event: 13.122 Thread 0x00000000188fe000 10928       2       com.android.tools.r8.ir.regalloc.i::b (8 bytes)
Event: 13.123 Thread 0x00000000188fe000 nmethod 10928 0x0000000002fdda50 code [0x0000000002fddbe0, 0x0000000002fdde28]

GC Heap History (10 events):
Event: 8.333 GC heap before
{Heap before GC invocations=10 (full 2):
 PSYoungGen      total 243712K, used 59304K [0x00000000e0000000, 0x00000000f8e80000, 0x0000000100000000)
  eden space 229376K, 19% used [0x00000000e0000000,0x00000000e2bed048,0x00000000ee000000)
  from space 14336K, 99% used [0x00000000ee000000,0x00000000eedfd1a8,0x00000000eee00000)
  to   space 22528K, 0% used [0x00000000f7880000,0x00000000f7880000,0x00000000f8e80000)
 ParOldGen       total 124416K, used 29207K [0x00000000a0000000, 0x00000000a7980000, 0x00000000e0000000)
  object space 124416K, 23% used [0x00000000a0000000,0x00000000a1c85e40,0x00000000a7980000)
 Metaspace       used 57088K, capacity 59088K, committed 59096K, reserved 1099776K
  class space    used 7922K, capacity 8400K, committed 8408K, reserved 1048576K
Event: 8.348 GC heap after
Heap after GC invocations=10 (full 2):
 PSYoungGen      total 384512K, used 17457K [0x00000000e0000000, 0x00000000f9000000, 0x0000000100000000)
  eden space 361984K, 0% used [0x00000000e0000000,0x00000000e0000000,0x00000000f6180000)
  from space 22528K, 77% used [0x00000000f7880000,0x00000000f898c4c0,0x00000000f8e80000)
  to   space 23552K, 0% used [0x00000000f6180000,0x00000000f6180000,0x00000000f7880000)
 ParOldGen       total 124416K, used 29215K [0x00000000a0000000, 0x00000000a7980000, 0x00000000e0000000)
  object space 124416K, 23% used [0x00000000a0000000,0x00000000a1c87e40,0x00000000a7980000)
 Metaspace       used 57088K, capacity 59088K, committed 59096K, reserved 1099776K
  class space    used 7922K, capacity 8400K, committed 8408K, reserved 1048576K
}
Event: 8.348 GC heap before
{Heap before GC invocations=11 (full 3):
 PSYoungGen      total 384512K, used 17457K [0x00000000e0000000, 0x00000000f9000000, 0x0000000100000000)
  eden space 361984K, 0% used [0x00000000e0000000,0x00000000e0000000,0x00000000f6180000)
  from space 22528K, 77% used [0x00000000f7880000,0x00000000f898c4c0,0x00000000f8e80000)
  to   space 23552K, 0% used [0x00000000f6180000,0x00000000f6180000,0x00000000f7880000)
 ParOldGen       total 124416K, used 29215K [0x00000000a0000000, 0x00000000a7980000, 0x00000000e0000000)
  object space 124416K, 23% used [0x00000000a0000000,0x00000000a1c87e40,0x00000000a7980000)
 Metaspace       used 57088K, capacity 59088K, committed 59096K, reserved 1099776K
  class space    used 7922K, capacity 8400K, committed 8408K, reserved 1048576K
Event: 8.567 GC heap after
Heap after GC invocations=11 (full 3):
 PSYoungGen      total 384512K, used 0K [0x00000000e0000000, 0x00000000f9000000, 0x0000000100000000)
  eden space 361984K, 0% used [0x00000000e0000000,0x00000000e0000000,0x00000000f6180000)
  from space 22528K, 0% used [0x00000000f7880000,0x00000000f7880000,0x00000000f8e80000)
  to   space 23552K, 0% used [0x00000000f6180000,0x00000000f6180000,0x00000000f7880000)
 ParOldGen       total 179712K, used 31274K [0x00000000a0000000, 0x00000000aaf80000, 0x00000000e0000000)
  object space 179712K, 17% used [0x00000000a0000000,0x00000000a1e8a9d0,0x00000000aaf80000)
 Metaspace       used 56939K, capacity 58726K, committed 59096K, reserved 1099776K
  class space    used 7873K, capacity 8313K, committed 8408K, reserved 1048576K
}
Event: 10.837 GC heap before
{Heap before GC invocations=12 (full 3):
 PSYoungGen      total 384512K, used 361984K [0x00000000e0000000, 0x00000000f9000000, 0x0000000100000000)
  eden space 361984K, 100% used [0x00000000e0000000,0x00000000f6180000,0x00000000f6180000)
  from space 22528K, 0% used [0x00000000f7880000,0x00000000f7880000,0x00000000f8e80000)
  to   space 23552K, 0% used [0x00000000f6180000,0x00000000f6180000,0x00000000f7880000)
 ParOldGen       total 179712K, used 31274K [0x00000000a0000000, 0x00000000aaf80000, 0x00000000e0000000)
  object space 179712K, 17% used [0x00000000a0000000,0x00000000a1e8a9d0,0x00000000aaf80000)
 Metaspace       used 68943K, capacity 72844K, committed 72920K, reserved 1112064K
  class space    used 9650K, capacity 10414K, committed 10456K, reserved 1048576K
Event: 10.880 GC heap after
Heap after GC invocations=12 (full 3):
 PSYoungGen      total 385536K, used 23526K [0x00000000e0000000, 0x00000000ffb00000, 0x0000000100000000)
  eden space 361984K, 0% used [0x00000000e0000000,0x00000000e0000000,0x00000000f6180000)
  from space 23552K, 99% used [0x00000000f6180000,0x00000000f7879a18,0x00000000f7880000)
  to   space 32256K, 0% used [0x00000000fdb80000,0x00000000fdb80000,0x00000000ffb00000)
 ParOldGen       total 179712K, used 44622K [0x00000000a0000000, 0x00000000aaf80000, 0x00000000e0000000)
  object space 179712K, 24% used [0x00000000a0000000,0x00000000a2b93978,0x00000000aaf80000)
 Metaspace       used 68943K, capacity 72844K, committed 72920K, reserved 1112064K
  class space    used 9650K, capacity 10414K, committed 10456K, reserved 1048576K
}
Event: 12.170 GC heap before
{Heap before GC invocations=13 (full 3):
 PSYoungGen      total 385536K, used 385510K [0x00000000e0000000, 0x00000000ffb00000, 0x0000000100000000)
  eden space 361984K, 100% used [0x00000000e0000000,0x00000000f6180000,0x00000000f6180000)
  from space 23552K, 99% used [0x00000000f6180000,0x00000000f7879a18,0x00000000f7880000)
  to   space 32256K, 0% used [0x00000000fdb80000,0x00000000fdb80000,0x00000000ffb00000)
 ParOldGen       total 179712K, used 44622K [0x00000000a0000000, 0x00000000aaf80000, 0x00000000e0000000)
  object space 179712K, 24% used [0x00000000a0000000,0x00000000a2b93978,0x00000000aaf80000)
 Metaspace       used 69890K, capacity 73850K, committed 74072K, reserved 1112064K
  class space    used 9705K, capacity 10471K, committed 10584K, reserved 1048576K
Event: 12.197 GC heap after
Heap after GC invocations=13 (full 3):
 PSYoungGen      total 483840K, used 24423K [0x00000000e0000000, 0x00000000ffb00000, 0x0000000100000000)
  eden space 451584K, 0% used [0x00000000e0000000,0x00000000e0000000,0x00000000fb900000)
  from space 32256K, 75% used [0x00000000fdb80000,0x00000000ff359d78,0x00000000ffb00000)
  to   space 33792K, 0% used [0x00000000fb900000,0x00000000fb900000,0x00000000fda00000)
 ParOldGen       total 179712K, used 44630K [0x00000000a0000000, 0x00000000aaf80000, 0x00000000e0000000)
  object space 179712K, 24% used [0x00000000a0000000,0x00000000a2b95978,0x00000000aaf80000)
 Metaspace       used 69890K, capacity 73850K, committed 74072K, reserved 1112064K
  class space    used 9705K, capacity 10471K, committed 10584K, reserved 1048576K
}
Event: 13.080 GC heap before
{Heap before GC invocations=14 (full 3):
 PSYoungGen      total 483840K, used 476007K [0x00000000e0000000, 0x00000000ffb00000, 0x0000000100000000)
  eden space 451584K, 100% used [0x00000000e0000000,0x00000000fb900000,0x00000000fb900000)
  from space 32256K, 75% used [0x00000000fdb80000,0x00000000ff359d78,0x00000000ffb00000)
  to   space 33792K, 0% used [0x00000000fb900000,0x00000000fb900000,0x00000000fda00000)
 ParOldGen       total 179712K, used 44630K [0x00000000a0000000, 0x00000000aaf80000, 0x00000000e0000000)
  object space 179712K, 24% used [0x00000000a0000000,0x00000000a2b95978,0x00000000aaf80000)
 Metaspace       used 70285K, capacity 74290K, committed 74584K, reserved 1114112K
  class space    used 9722K, capacity 10513K, committed 10584K, reserved 1048576K
Event: 13.108 GC heap after
Heap after GC invocations=14 (full 3):
 PSYoungGen      total 485376K, used 26678K [0x00000000e0000000, 0x0000000100000000, 0x0000000100000000)
  eden space 451584K, 0% used [0x00000000e0000000,0x00000000e0000000,0x00000000fb900000)
  from space 33792K, 78% used [0x00000000fb900000,0x00000000fd30d9b0,0x00000000fda00000)
  to   space 35840K, 0% used [0x00000000fdd00000,0x00000000fdd00000,0x0000000100000000)
 ParOldGen       total 179712K, used 44638K [0x00000000a0000000, 0x00000000aaf80000, 0x00000000e0000000)
  object space 179712K, 24% used [0x00000000a0000000,0x00000000a2b97978,0x00000000aaf80000)
 Metaspace       used 70285K, capacity 74290K, committed 74584K, reserved 1114112K
  class space    used 9722K, capacity 10513K, committed 10584K, reserved 1048576K
}

Deoptimization events (10 events):
Event: 12.430 Thread 0x000000001b1dc000 Uncommon trap: reason=speculate_class_check action=maybe_recompile pc=0x000000000438fb98 method=java.util.AbstractList.listIterator()Ljava/util/ListIterator; @ 2
Event: 12.439 Thread 0x000000001d936000 Uncommon trap: reason=unstable_if action=reinterpret pc=0x00000000040eb390 method=java.util.HashMap.removeNode(ILjava/lang/Object;Ljava/lang/Object;ZZ)Ljava/util/HashMap$Node; @ 133
Event: 12.503 Thread 0x000000001d93a800 Uncommon trap: reason=class_check action=maybe_recompile pc=0x0000000004a01e10 method=com.android.tools.r8.u.c.o.a(Lcom/android/tools/r8/u/c/M;IZ)V @ 472
Event: 12.512 Thread 0x000000001d936000 Uncommon trap: reason=class_check action=maybe_recompile pc=0x0000000004a01e10 method=com.android.tools.r8.u.c.o.a(Lcom/android/tools/r8/u/c/M;IZ)V @ 472
Event: 12.616 Thread 0x0000000024640800 Uncommon trap: reason=unstable_if action=reinterpret pc=0x0000000004663528 method=com.android.tools.r8.u.a.h.e.b(Lcom/android/tools/r8/u/b/d0;)V @ 11
Event: 12.645 Thread 0x000000001b3ab000 Uncommon trap: reason=class_check action=maybe_recompile pc=0x0000000004a01e10 method=com.android.tools.r8.u.c.o.a(Lcom/android/tools/r8/u/c/M;IZ)V @ 472
Event: 12.645 Thread 0x000000001b3ab000 Uncommon trap: reason=unstable_if action=reinterpret pc=0x00000000044fc5c4 method=com.android.tools.r8.v.a.a.a.f.c0.get(I)Ljava/lang/Object; @ 8
Event: 12.649 Thread 0x000000001b3ab000 Uncommon trap: reason=unstable_if action=reinterpret pc=0x0000000004a00984 method=com.android.tools.r8.v.a.a.a.f.e.equals(Ljava/lang/Object;)Z @ 33
Event: 12.836 Thread 0x000000001d93b800 Uncommon trap: reason=speculate_class_check action=maybe_recompile pc=0x0000000004a99b24 method=com.android.tools.r8.ir.analysis.type.k.l()Z @ 8
Event: 12.836 Thread 0x000000001d93b800 Uncommon trap: reason=speculate_class_check action=maybe_recompile pc=0x0000000004a99b24 method=com.android.tools.r8.ir.analysis.type.k.l()Z @ 8

Classes redefined (0 events):
No events

Internal exceptions (10 events):
Event: 11.922 Thread 0x0000000024641000 Exception <a 'sun/nio/fs/WindowsException'> (0x00000000f05d8dd0) thrown at [D:\src\AOSP-openjdk-cygwin\jdk8u\hotspot\src\share\vm\prims\jni.cpp, line 710]
Event: 12.217 Thread 0x000000001d937800 Exception <a 'sun/nio/fs/WindowsException'> (0x00000000e0c83f00) thrown at [D:\src\AOSP-openjdk-cygwin\jdk8u\hotspot\src\share\vm\prims\jni.cpp, line 710]
Event: 12.238 Thread 0x0000000024641000 Exception <a 'sun/nio/fs/WindowsException'> (0x00000000e06a0e60) thrown at [D:\src\AOSP-openjdk-cygwin\jdk8u\hotspot\src\share\vm\prims\jni.cpp, line 710]
Event: 12.490 Thread 0x000000001d937800 Exception <a 'sun/nio/fs/WindowsException'> (0x00000000e8eeef20) thrown at [D:\src\AOSP-openjdk-cygwin\jdk8u\hotspot\src\share\vm\prims\jni.cpp, line 710]
Event: 12.571 Thread 0x0000000024641000 Exception <a 'sun/nio/fs/WindowsException'> (0x00000000eb2feb48) thrown at [D:\src\AOSP-openjdk-cygwin\jdk8u\hotspot\src\share\vm\prims\jni.cpp, line 710]
Event: 12.572 Thread 0x0000000024640800 Exception <a 'sun/nio/fs/WindowsException'> (0x00000000eb3f37c0) thrown at [D:\src\AOSP-openjdk-cygwin\jdk8u\hotspot\src\share\vm\prims\jni.cpp, line 710]
Event: 12.584 Thread 0x000000001d937800 Exception <a 'sun/nio/fs/WindowsException'> (0x00000000eb4f8808) thrown at [D:\src\AOSP-openjdk-cygwin\jdk8u\hotspot\src\share\vm\prims\jni.cpp, line 710]
Event: 12.638 Thread 0x0000000024641000 Exception <a 'sun/nio/fs/WindowsException'> (0x00000000ed2cfb10) thrown at [D:\src\AOSP-openjdk-cygwin\jdk8u\hotspot\src\share\vm\prims\jni.cpp, line 710]
Event: 12.741 Thread 0x0000000024641000 Exception <a 'sun/nio/fs/WindowsException'> (0x00000000ed35e978) thrown at [D:\src\AOSP-openjdk-cygwin\jdk8u\hotspot\src\share\vm\prims\jni.cpp, line 710]
Event: 12.990 Thread 0x0000000024640800 Exception <a 'sun/nio/fs/WindowsException'> (0x00000000f7d441a0) thrown at [D:\src\AOSP-openjdk-cygwin\jdk8u\hotspot\src\share\vm\prims\jni.cpp, line 710]

Events (10 events):
Event: 13.050 loading class com/android/tools/r8/u/b/O0
Event: 13.050 loading class com/android/tools/r8/u/b/O0 done
Event: 13.050 loading class com/android/tools/r8/u/d/t
Event: 13.050 loading class com/android/tools/r8/u/d/t done
Event: 13.079 Executing VM operation: ParallelGCFailedAllocation
Event: 13.108 Executing VM operation: ParallelGCFailedAllocation done
Event: 13.108 Executing VM operation: RevokeBias
Event: 13.108 Executing VM operation: RevokeBias done
Event: 13.108 Executing VM operation: RevokeBias
Event: 13.109 Executing VM operation: RevokeBias done


Dynamic libraries:
0x00007ff79a090000 - 0x00007ff79a0c1000 	E:\Android Studio\jre\bin\java.exe
0x00007ffea3000000 - 0x00007ffea31f0000 	C:\Windows\SYSTEM32\ntdll.dll
0x00007ffea15a0000 - 0x00007ffea1652000 	C:\Windows\System32\KERNEL32.DLL
0x00007ffea02f0000 - 0x00007ffea0594000 	C:\Windows\System32\KERNELBASE.dll
0x00007ffea1810000 - 0x00007ffea18b3000 	C:\Windows\System32\ADVAPI32.dll
0x00007ffea2880000 - 0x00007ffea291e000 	C:\Windows\System32\msvcrt.dll
0x00007ffea2a20000 - 0x00007ffea2ab7000 	C:\Windows\System32\sechost.dll
0x00007ffea1930000 - 0x00007ffea1a50000 	C:\Windows\System32\RPCRT4.dll
0x00007ffea1400000 - 0x00007ffea1594000 	C:\Windows\System32\USER32.dll
0x00007ffea00c0000 - 0x00007ffea00e1000 	C:\Windows\System32\win32u.dll
0x00007ffea2830000 - 0x00007ffea2856000 	C:\Windows\System32\GDI32.dll
0x00007ffea0150000 - 0x00007ffea02e4000 	C:\Windows\System32\gdi32full.dll
0x00007ffea0ff0000 - 0x00007ffea108e000 	C:\Windows\System32\msvcp_win.dll
0x00007ffea0d50000 - 0x00007ffea0e4a000 	C:\Windows\System32\ucrtbase.dll
0x00007ffe929f0000 - 0x00007ffe92c74000 	C:\Windows\WinSxS\amd64_microsoft.windows.common-controls_6595b64144ccf1df_6.0.18362.836_none_e6c4b943130f18ed\COMCTL32.dll
0x00007ffea2c80000 - 0x00007ffea2fb6000 	C:\Windows\System32\combase.dll
0x00007ffe9ff90000 - 0x00007ffea0010000 	C:\Windows\System32\bcryptPrimitives.dll
0x00007ffea2920000 - 0x00007ffea294e000 	C:\Windows\System32\IMM32.DLL
0x000000006c480000 - 0x000000006c552000 	E:\Android Studio\jre\jre\bin\msvcr100.dll
0x000000006c640000 - 0x000000006ce86000 	E:\Android Studio\jre\jre\bin\server\jvm.dll
0x00007ffea1660000 - 0x00007ffea1668000 	C:\Windows\System32\PSAPI.DLL
0x00007ffe9e9d0000 - 0x00007ffe9e9d9000 	C:\Windows\SYSTEM32\WSOCK32.dll
0x00007ffe999b0000 - 0x00007ffe999ba000 	C:\Windows\SYSTEM32\VERSION.dll
0x00007ffe9be60000 - 0x00007ffe9be84000 	C:\Windows\SYSTEM32\WINMM.dll
0x00007ffea18c0000 - 0x00007ffea192f000 	C:\Windows\System32\WS2_32.dll
0x00007ffe9be30000 - 0x00007ffe9be5d000 	C:\Windows\SYSTEM32\WINMMBASE.dll
0x00007ffea0fa0000 - 0x00007ffea0fea000 	C:\Windows\System32\cfgmgr32.dll
0x00007ffe9b580000 - 0x00007ffe9b58f000 	E:\Android Studio\jre\jre\bin\verify.dll
0x00007ffe9b550000 - 0x00007ffe9b579000 	E:\Android Studio\jre\jre\bin\java.dll
0x00007ffe99c50000 - 0x00007ffe99c66000 	E:\Android Studio\jre\jre\bin\zip.dll
0x00007ffea1a50000 - 0x00007ffea2134000 	C:\Windows\System32\SHELL32.dll
0x00007ffea1350000 - 0x00007ffea13f9000 	C:\Windows\System32\shcore.dll
0x00007ffea05d0000 - 0x00007ffea0d4e000 	C:\Windows\System32\windows.storage.dll
0x00007ffe9fef0000 - 0x00007ffe9ff13000 	C:\Windows\System32\profapi.dll
0x00007ffe9ff20000 - 0x00007ffe9ff6a000 	C:\Windows\System32\powrprof.dll
0x00007ffe9fec0000 - 0x00007ffe9fed0000 	C:\Windows\System32\UMPDC.dll
0x00007ffea2140000 - 0x00007ffea2192000 	C:\Windows\System32\shlwapi.dll
0x00007ffe9ff70000 - 0x00007ffe9ff81000 	C:\Windows\System32\kernel.appcore.dll
0x00007ffea1090000 - 0x00007ffea10a7000 	C:\Windows\System32\cryptsp.dll
0x00007ffe99c30000 - 0x00007ffe99c4a000 	E:\Android Studio\jre\jre\bin\net.dll
0x00007ffe8b3f0000 - 0x00007ffe8b5c6000 	C:\Windows\SYSTEM32\urlmon.dll
0x00007ffe8b0c0000 - 0x00007ffe8b366000 	C:\Windows\SYSTEM32\iertutil.dll
0x00007ffe9f900000 - 0x00007ffe9f90c000 	C:\Windows\SYSTEM32\CRYPTBASE.DLL
0x00007ffe9f730000 - 0x00007ffe9f797000 	C:\Windows\system32\mswsock.dll
0x00007ffe91fd0000 - 0x00007ffe91fe3000 	E:\Android Studio\jre\jre\bin\nio.dll
0x00007ffe76410000 - 0x00007ffe76436000 	C:\Users\osman\.gradle\native\30\windows-amd64\native-platform.dll
0x00007ffe99b50000 - 0x00007ffe99b5d000 	E:\Android Studio\jre\jre\bin\management.dll
0x00007ffe9f2a0000 - 0x00007ffe9f2d3000 	C:\Windows\system32\rsaenh.dll
0x00007ffea05a0000 - 0x00007ffea05c6000 	C:\Windows\System32\bcrypt.dll
0x00007ffe9fde0000 - 0x00007ffe9fe05000 	C:\Windows\SYSTEM32\USERENV.dll
0x00007ffe9f440000 - 0x00007ffe9f47a000 	C:\Windows\SYSTEM32\IPHLPAPI.DLL
0x00007ffea23b0000 - 0x00007ffea23b8000 	C:\Windows\System32\NSI.dll
0x00007ffe984a0000 - 0x00007ffe984b6000 	C:\Windows\SYSTEM32\dhcpcsvc6.DLL
0x00007ffe981f0000 - 0x00007ffe9820c000 	C:\Windows\SYSTEM32\dhcpcsvc.DLL
0x00007ffe9f480000 - 0x00007ffe9f54b000 	C:\Windows\SYSTEM32\DNSAPI.dll

VM Arguments:
jvm_args: -Xmx1536m -Dfile.encoding=windows-1252 -Duser.country=US -Duser.language=en -Duser.variant 
java_command: org.gradle.launcher.daemon.bootstrap.GradleDaemon 5.6.4
java_class_path (initial): C:\Users\osman\.gradle\wrapper\dists\gradle-5.6.4-all\ankdp27end7byghfw1q2sw75f\gradle-5.6.4\lib\gradle-launcher-5.6.4.jar
Launcher Type: SUN_STANDARD

Environment Variables:
PATH=C:\Program Files (x86)\Microsoft SDKs\Azure\CLI2\wbin;C:\Program Files (x86)\Python38-32\Scripts\;C:\Program Files (x86)\Python38-32\;C:\Program Files (x86)\Common Files\Oracle\Java\javapath;C:\Windows\system32;C:\Windows;C:\Windows\System32\Wbem;C:\Windows\System32\WindowsPowerShell\v1.0\;C:\Windows\System32\OpenSSH\;C:\Program Files\Microsoft VS Code\bin;C:\Program Files (x86)\NVIDIA Corporation\PhysX\Common;D:\Gimbal\Raspberry\PuTTY\;C:\Program Files\Docker\Docker\resources\bin;C:\ProgramData\DockerDesktop\version-bin;C:\Program Files\dotnet\;C:\Program Files (x86)\dotnet\;C:\Program Files\Git\cmd;D:\Golang\Installation\bin;C:\Users\osman\AppData\Local\Microsoft\WindowsApps;C:\MinGW\bin;D:\Image Processing\latex\texlive\2019\bin\win32;C:\Program Files\JetBrains\IntelliJ IDEA 2019.2.4\bin;C:\Users\osman\AppData\Local\Programs\Python\Python36-32;D:\Gimbal\VLC\Installation;C:\Users\osman\.dotnet\tools;E:\Flutter\flutter_windows_v1.12.13+hotfix.8-stable\flutter\bin;D:\quartus\Kurulum\modelsim_ase\win32aloem;D:\YGO;C:\Users\osman\go\bin;D:\Se2\geckodriver-v0.26.0-win64;
USERNAME=osman
OS=Windows_NT
PROCESSOR_IDENTIFIER=Intel64 Family 6 Model 94 Stepping 3, GenuineIntel



---------------  S Y S T E M  ---------------

OS: Windows 10.0 , 64 bit Build 18362 (10.0.18362.778)

CPU:total 8 (initial active 8) (4 cores per cpu, 2 threads per core) family 6 model 94 stepping 3, cmov, cx8, fxsr, mmx, sse, sse2, sse3, ssse3, sse4.1, sse4.2, popcnt, avx, avx2, aes, clmul, erms, rtm, 3dnowpref, lzcnt, ht, tsc, tscinvbit, bmi1, bmi2, adx

Memory: 4k page, physical 16636184k(2008816k free), swap 16636184k(5204k free)

vm_info: OpenJDK 64-Bit Server VM (25.212-b04) for windows-amd64 JRE (1.8.0_212-release-1586-b04), built by "builder" with MS VC++ 10.0 (VS2010)

time: Sun May 31 00:48:43 2020
timezone: Turkey Standard Time
elapsed time: 13 seconds (0d 0h 0m 13s)

